This is XeTeX, Version 3.141592653-2.6-0.999995 (TeX Live 2023) (preloaded format=xelatex 2023.10.17)  1 DEC 2023 23:49
entering extended mode
 restricted \write18 enabled.
 %&-line parsing enabled.
**inno101.tex
(./inno101.tex
LaTeX2e <2023-06-01> patch level 1
L3 programming layer <2023-10-10>
(c:/Users/kelly.marjanovic/AppData/Roaming/TinyTeX/texmf-dist/tex/latex/base/book.cls
Document Class: book 2023/05/17 v1.4n Standard LaTeX document class
(c:/Users/kelly.marjanovic/AppData/Roaming/TinyTeX/texmf-dist/tex/latex/base/bk10.clo
File: bk10.clo 2023/05/17 v1.4n Standard LaTeX file (size option)
)
\c@part=\count181
\c@chapter=\count182
\c@section=\count183
\c@subsection=\count184
\c@subsubsection=\count185
\c@paragraph=\count186
\c@subparagraph=\count187
\c@figure=\count188
\c@table=\count189
\abovecaptionskip=\skip48
\belowcaptionskip=\skip49
\bibindent=\dimen140
) (c:/Users/kelly.marjanovic/AppData/Roaming/TinyTeX/texmf-dist/tex/latex/amsmath/amsmath.sty
Package: amsmath 2023/05/13 v2.17o AMS math features
\@mathmargin=\skip50
For additional information on amsmath, use the `?' option.
(c:/Users/kelly.marjanovic/AppData/Roaming/TinyTeX/texmf-dist/tex/latex/amsmath/amstext.sty
Package: amstext 2021/08/26 v2.01 AMS text
(c:/Users/kelly.marjanovic/AppData/Roaming/TinyTeX/texmf-dist/tex/latex/amsmath/amsgen.sty
File: amsgen.sty 1999/11/30 v2.0 generic functions
\@emptytoks=\toks17
\ex@=\dimen141
)) (c:/Users/kelly.marjanovic/AppData/Roaming/TinyTeX/texmf-dist/tex/latex/amsmath/amsbsy.sty
Package: amsbsy 1999/11/29 v1.2d Bold Symbols
\pmbraise@=\dimen142
) (c:/Users/kelly.marjanovic/AppData/Roaming/TinyTeX/texmf-dist/tex/latex/amsmath/amsopn.sty
Package: amsopn 2022/04/08 v2.04 operator names
)
\inf@bad=\count190
LaTeX Info: Redefining \frac on input line 234.
\uproot@=\count191
\leftroot@=\count192
LaTeX Info: Redefining \overline on input line 399.
LaTeX Info: Redefining \colon on input line 410.
\classnum@=\count193
\DOTSCASE@=\count194
LaTeX Info: Redefining \ldots on input line 496.
LaTeX Info: Redefining \dots on input line 499.
LaTeX Info: Redefining \cdots on input line 620.
\Mathstrutbox@=\box51
\strutbox@=\box52
LaTeX Info: Redefining \big on input line 722.
LaTeX Info: Redefining \Big on input line 723.
LaTeX Info: Redefining \bigg on input line 724.
LaTeX Info: Redefining \Bigg on input line 725.
\big@size=\dimen143
LaTeX Font Info:    Redeclaring font encoding OML on input line 743.
LaTeX Font Info:    Redeclaring font encoding OMS on input line 744.
\macc@depth=\count195
LaTeX Info: Redefining \bmod on input line 905.
LaTeX Info: Redefining \pmod on input line 910.
LaTeX Info: Redefining \smash on input line 940.
LaTeX Info: Redefining \relbar on input line 970.
LaTeX Info: Redefining \Relbar on input line 971.
\c@MaxMatrixCols=\count196
\dotsspace@=\muskip16
\c@parentequation=\count197
\dspbrk@lvl=\count198
\tag@help=\toks18
\row@=\count199
\column@=\count266
\maxfields@=\count267
\andhelp@=\toks19
\eqnshift@=\dimen144
\alignsep@=\dimen145
\tagshift@=\dimen146
\tagwidth@=\dimen147
\totwidth@=\dimen148
\lineht@=\dimen149
\@envbody=\toks20
\multlinegap=\skip51
\multlinetaggap=\skip52
\mathdisplay@stack=\toks21
LaTeX Info: Redefining \[ on input line 2953.
LaTeX Info: Redefining \] on input line 2954.
) (c:/Users/kelly.marjanovic/AppData/Roaming/TinyTeX/texmf-dist/tex/latex/amsfonts/amssymb.sty
Package: amssymb 2013/01/14 v3.01 AMS font symbols
(c:/Users/kelly.marjanovic/AppData/Roaming/TinyTeX/texmf-dist/tex/latex/amsfonts/amsfonts.sty
Package: amsfonts 2013/01/14 v3.01 Basic AMSFonts support
\symAMSa=\mathgroup4
\symAMSb=\mathgroup5
LaTeX Font Info:    Redeclaring math symbol \hbar on input line 98.
LaTeX Font Info:    Overwriting math alphabet `\mathfrak' in version `bold'
(Font)                  U/euf/m/n --> U/euf/b/n on input line 106.
)) (c:/Users/kelly.marjanovic/AppData/Roaming/TinyTeX/texmf-dist/tex/generic/iftex/iftex.sty
Package: iftex 2022/02/03 v1.0f TeX engine tests
) (c:/Users/kelly.marjanovic/AppData/Roaming/TinyTeX/texmf-dist/tex/latex/unicode-math/unicode-math.sty (c:/Users/kelly.marjanovic/AppData/Roaming/TinyTeX/texmf-dist/tex/latex/l3kernel/expl3.sty
Package: expl3 2023-10-10 L3 programming layer (loader) 
(c:/Users/kelly.marjanovic/AppData/Roaming/TinyTeX/texmf-dist/tex/latex/l3backend/l3backend-xetex.def
File: l3backend-xetex.def 2023-10-10 L3 backend support: XeTeX
\g__graphics_track_int=\count268
\l__pdf_internal_box=\box53
\g__pdf_backend_object_int=\count269
\g__pdf_backend_annotation_int=\count270
\g__pdf_backend_link_int=\count271
))
Package: unicode-math 2023/08/13 v0.8r Unicode maths in XeLaTeX and LuaLaTeX
(c:/Users/kelly.marjanovic/AppData/Roaming/TinyTeX/texmf-dist/tex/latex/unicode-math/unicode-math-xetex.sty
Package: unicode-math-xetex 2023/08/13 v0.8r Unicode maths in XeLaTeX and LuaLaTeX
(c:/Users/kelly.marjanovic/AppData/Roaming/TinyTeX/texmf-dist/tex/latex/l3packages/xparse/xparse.sty
Package: xparse 2023-10-10 L3 Experimental document command parser
) (c:/Users/kelly.marjanovic/AppData/Roaming/TinyTeX/texmf-dist/tex/latex/l3packages/l3keys2e/l3keys2e.sty
Package: l3keys2e 2023-10-10 LaTeX2e option processing using LaTeX3 keys
) (c:/Users/kelly.marjanovic/AppData/Roaming/TinyTeX/texmf-dist/tex/latex/fontspec/fontspec.sty
Package: fontspec 2022/01/15 v2.8a Font selection for XeLaTeX and LuaLaTeX
(c:/Users/kelly.marjanovic/AppData/Roaming/TinyTeX/texmf-dist/tex/latex/fontspec/fontspec-xetex.sty
Package: fontspec-xetex 2022/01/15 v2.8a Font selection for XeLaTeX and LuaLaTeX
\l__fontspec_script_int=\count272
\l__fontspec_language_int=\count273
\l__fontspec_strnum_int=\count274
\l__fontspec_tmp_int=\count275
\l__fontspec_tmpa_int=\count276
\l__fontspec_tmpb_int=\count277
\l__fontspec_tmpc_int=\count278
\l__fontspec_em_int=\count279
\l__fontspec_emdef_int=\count280
\l__fontspec_strong_int=\count281
\l__fontspec_strongdef_int=\count282
\l__fontspec_tmpa_dim=\dimen150
\l__fontspec_tmpb_dim=\dimen151
\l__fontspec_tmpc_dim=\dimen152
(c:/Users/kelly.marjanovic/AppData/Roaming/TinyTeX/texmf-dist/tex/latex/base/fontenc.sty
Package: fontenc 2021/04/29 v2.0v Standard LaTeX package
) (c:/Users/kelly.marjanovic/AppData/Roaming/TinyTeX/texmf-dist/tex/latex/fontspec/fontspec.cfg))) (c:/Users/kelly.marjanovic/AppData/Roaming/TinyTeX/texmf-dist/tex/latex/base/fix-cm.sty
Package: fix-cm 2020/11/24 v1.1t fixes to LaTeX
(c:/Users/kelly.marjanovic/AppData/Roaming/TinyTeX/texmf-dist/tex/latex/base/ts1enc.def
File: ts1enc.def 2001/06/05 v3.0e (jk/car/fm) Standard LaTeX file
LaTeX Font Info:    Redeclaring font encoding TS1 on input line 47.
))
\g__um_fam_int=\count283
\g__um_fonts_used_int=\count284
\l__um_primecount_int=\count285
\g__um_primekern_muskip=\muskip17
(c:/Users/kelly.marjanovic/AppData/Roaming/TinyTeX/texmf-dist/tex/latex/unicode-math/unicode-math-table.tex))) (c:/Users/kelly.marjanovic/AppData/Roaming/TinyTeX/texmf-dist/tex/latex/lm/lmodern.sty
Package: lmodern 2015/05/01 v1.6.1 Latin Modern Fonts
LaTeX Font Info:    Overwriting symbol font `operators' in version `normal'
(Font)                  OT1/cmr/m/n --> OT1/lmr/m/n on input line 22.
LaTeX Font Info:    Overwriting symbol font `letters' in version `normal'
(Font)                  OML/cmm/m/it --> OML/lmm/m/it on input line 23.
LaTeX Font Info:    Overwriting symbol font `symbols' in version `normal'
(Font)                  OMS/cmsy/m/n --> OMS/lmsy/m/n on input line 24.
LaTeX Font Info:    Overwriting symbol font `largesymbols' in version `normal'
(Font)                  OMX/cmex/m/n --> OMX/lmex/m/n on input line 25.
LaTeX Font Info:    Overwriting symbol font `operators' in version `bold'
(Font)                  OT1/cmr/bx/n --> OT1/lmr/bx/n on input line 26.
LaTeX Font Info:    Overwriting symbol font `letters' in version `bold'
(Font)                  OML/cmm/b/it --> OML/lmm/b/it on input line 27.
LaTeX Font Info:    Overwriting symbol font `symbols' in version `bold'
(Font)                  OMS/cmsy/b/n --> OMS/lmsy/b/n on input line 28.
LaTeX Font Info:    Overwriting symbol font `largesymbols' in version `bold'
(Font)                  OMX/cmex/m/n --> OMX/lmex/m/n on input line 29.
LaTeX Font Info:    Overwriting math alphabet `\mathbf' in version `normal'
(Font)                  OT1/cmr/bx/n --> OT1/lmr/bx/n on input line 31.
LaTeX Font Info:    Overwriting math alphabet `\mathsf' in version `normal'
(Font)                  OT1/cmss/m/n --> OT1/lmss/m/n on input line 32.
LaTeX Font Info:    Overwriting math alphabet `\mathit' in version `normal'
(Font)                  OT1/cmr/m/it --> OT1/lmr/m/it on input line 33.
LaTeX Font Info:    Overwriting math alphabet `\mathtt' in version `normal'
(Font)                  OT1/cmtt/m/n --> OT1/lmtt/m/n on input line 34.
LaTeX Font Info:    Overwriting math alphabet `\mathbf' in version `bold'
(Font)                  OT1/cmr/bx/n --> OT1/lmr/bx/n on input line 35.
LaTeX Font Info:    Overwriting math alphabet `\mathsf' in version `bold'
(Font)                  OT1/cmss/bx/n --> OT1/lmss/bx/n on input line 36.
LaTeX Font Info:    Overwriting math alphabet `\mathit' in version `bold'
(Font)                  OT1/cmr/bx/it --> OT1/lmr/bx/it on input line 37.
LaTeX Font Info:    Overwriting math alphabet `\mathtt' in version `bold'
(Font)                  OT1/cmtt/m/n --> OT1/lmtt/m/n on input line 38.
) (c:/Users/kelly.marjanovic/AppData/Roaming/TinyTeX/texmf-dist/tex/latex/xcolor/xcolor.sty
Package: xcolor 2022/06/12 v2.14 LaTeX color extensions (UK)
(c:/Users/kelly.marjanovic/AppData/Roaming/TinyTeX/texmf-dist/tex/latex/graphics-cfg/color.cfg
File: color.cfg 2016/01/02 v1.6 sample color configuration
)
Package xcolor Info: Driver file: xetex.def on input line 227.
(c:/Users/kelly.marjanovic/AppData/Roaming/TinyTeX/texmf-dist/tex/latex/graphics-def/xetex.def
File: xetex.def 2022/09/22 v5.0n Graphics/color driver for xetex
) (c:/Users/kelly.marjanovic/AppData/Roaming/TinyTeX/texmf-dist/tex/latex/graphics/mathcolor.ltx)
Package xcolor Info: Model `cmy' substituted by `cmy0' on input line 1353.
Package xcolor Info: Model `RGB' extended on input line 1369.
Package xcolor Info: Model `HTML' substituted by `rgb' on input line 1371.
Package xcolor Info: Model `Hsb' substituted by `hsb' on input line 1372.
Package xcolor Info: Model `tHsb' substituted by `hsb' on input line 1373.
Package xcolor Info: Model `HSB' substituted by `hsb' on input line 1374.
Package xcolor Info: Model `Gray' substituted by `gray' on input line 1375.
Package xcolor Info: Model `wave' substituted by `hsb' on input line 1376.
) (c:/Users/kelly.marjanovic/AppData/Roaming/TinyTeX/texmf-dist/tex/latex/tools/longtable.sty
Package: longtable 2021-09-01 v4.17 Multi-page Table package (DPC)
\LTleft=\skip53
\LTright=\skip54
\LTpre=\skip55
\LTpost=\skip56
\LTchunksize=\count286
\LTcapwidth=\dimen153
\LT@head=\box54
\LT@firsthead=\box55
\LT@foot=\box56
\LT@lastfoot=\box57
\LT@gbox=\box58
\LT@cols=\count287
\LT@rows=\count288
\c@LT@tables=\count289
\c@LT@chunks=\count290
\LT@p@ftn=\toks22
) (c:/Users/kelly.marjanovic/AppData/Roaming/TinyTeX/texmf-dist/tex/latex/booktabs/booktabs.sty
Package: booktabs 2020/01/12 v1.61803398 Publication quality tables
\heavyrulewidth=\dimen154
\lightrulewidth=\dimen155
\cmidrulewidth=\dimen156
\belowrulesep=\dimen157
\belowbottomsep=\dimen158
\aboverulesep=\dimen159
\abovetopsep=\dimen160
\cmidrulesep=\dimen161
\cmidrulekern=\dimen162
\defaultaddspace=\dimen163
\@cmidla=\count291
\@cmidlb=\count292
\@aboverulesep=\dimen164
\@belowrulesep=\dimen165
\@thisruleclass=\count293
\@lastruleclass=\count294
\@thisrulewidth=\dimen166
) (c:/Users/kelly.marjanovic/AppData/Roaming/TinyTeX/texmf-dist/tex/latex/tools/array.sty
Package: array 2022/09/04 v2.5g Tabular extension package (FMi)
\col@sep=\dimen167
\ar@mcellbox=\box59
\extrarowheight=\dimen168
\NC@list=\toks23
\extratabsurround=\skip57
\backup@length=\skip58
\ar@cellbox=\box60
) (c:/Users/kelly.marjanovic/AppData/Roaming/TinyTeX/texmf-dist/tex/latex/tools/calc.sty
Package: calc 2017/05/25 v4.3 Infix arithmetic (KKT,FJ)
\calc@Acount=\count295
\calc@Bcount=\count296
\calc@Adimen=\dimen169
\calc@Bdimen=\dimen170
\calc@Askip=\skip59
\calc@Bskip=\skip60
LaTeX Info: Redefining \setlength on input line 80.
LaTeX Info: Redefining \addtolength on input line 81.
\calc@Ccount=\count297
\calc@Cskip=\skip61
) (c:/Users/kelly.marjanovic/AppData/Roaming/TinyTeX/texmf-dist/tex/latex/etoolbox/etoolbox.sty
Package: etoolbox 2020/10/05 v2.5k e-TeX tools for LaTeX (JAW)
\etb@tempcnta=\count298
) (c:/Users/kelly.marjanovic/AppData/Roaming/TinyTeX/texmf-dist/tex/latex/mdwtools/footnote.sty
Package: footnote 1997/01/28 1.13 Save footnotes around boxes
\fn@notes=\box61
\fn@width=\dimen171
) (c:/Users/kelly.marjanovic/AppData/Roaming/TinyTeX/texmf-dist/tex/latex/graphics/graphicx.sty
Package: graphicx 2021/09/16 v1.2d Enhanced LaTeX Graphics (DPC,SPQR)
(c:/Users/kelly.marjanovic/AppData/Roaming/TinyTeX/texmf-dist/tex/latex/graphics/keyval.sty
Package: keyval 2022/05/29 v1.15 key=value parser (DPC)
\KV@toks@=\toks24
) (c:/Users/kelly.marjanovic/AppData/Roaming/TinyTeX/texmf-dist/tex/latex/graphics/graphics.sty
Package: graphics 2022/03/10 v1.4e Standard LaTeX Graphics (DPC,SPQR)
(c:/Users/kelly.marjanovic/AppData/Roaming/TinyTeX/texmf-dist/tex/latex/graphics/trig.sty
Package: trig 2021/08/11 v1.11 sin cos tan (DPC)
) (c:/Users/kelly.marjanovic/AppData/Roaming/TinyTeX/texmf-dist/tex/latex/graphics-cfg/graphics.cfg
File: graphics.cfg 2016/06/04 v1.11 sample graphics configuration
)
Package graphics Info: Driver file: xetex.def on input line 107.
)
\Gin@req@height=\dimen172
\Gin@req@width=\dimen173
) (c:/Users/kelly.marjanovic/AppData/Roaming/TinyTeX/texmf-dist/tex/latex/amscls/amsthm.sty
Package: amsthm 2020/05/29 v2.20.6
\thm@style=\toks25
\thm@bodyfont=\toks26
\thm@headfont=\toks27
\thm@notefont=\toks28
\thm@headpunct=\toks29
\thm@preskip=\skip62
\thm@postskip=\skip63
\thm@headsep=\skip64
\dth@everypar=\toks30
) (c:/Users/kelly.marjanovic/AppData/Roaming/TinyTeX/texmf-dist/tex/latex/tcolorbox/tcolorbox.sty
Package: tcolorbox 2023/09/26 version 6.1.0 text color boxes
(c:/Users/kelly.marjanovic/AppData/Roaming/TinyTeX/texmf-dist/tex/latex/pgf/basiclayer/pgf.sty (c:/Users/kelly.marjanovic/AppData/Roaming/TinyTeX/texmf-dist/tex/latex/pgf/utilities/pgfrcs.sty (c:/Users/kelly.marjanovic/AppData/Roaming/TinyTeX/texmf-dist/tex/generic/pgf/utilities/pgfutil-common.tex
\pgfutil@everybye=\toks31
\pgfutil@tempdima=\dimen174
\pgfutil@tempdimb=\dimen175
) (c:/Users/kelly.marjanovic/AppData/Roaming/TinyTeX/texmf-dist/tex/generic/pgf/utilities/pgfutil-latex.def
\pgfutil@abb=\box62
) (c:/Users/kelly.marjanovic/AppData/Roaming/TinyTeX/texmf-dist/tex/generic/pgf/utilities/pgfrcs.code.tex (c:/Users/kelly.marjanovic/AppData/Roaming/TinyTeX/texmf-dist/tex/generic/pgf/pgf.revision.tex)
Package: pgfrcs 2023-01-15 v3.1.10 (3.1.10)
))
Package: pgf 2023-01-15 v3.1.10 (3.1.10)
(c:/Users/kelly.marjanovic/AppData/Roaming/TinyTeX/texmf-dist/tex/latex/pgf/basiclayer/pgfcore.sty (c:/Users/kelly.marjanovic/AppData/Roaming/TinyTeX/texmf-dist/tex/latex/pgf/systemlayer/pgfsys.sty (c:/Users/kelly.marjanovic/AppData/Roaming/TinyTeX/texmf-dist/tex/generic/pgf/systemlayer/pgfsys.code.tex
Package: pgfsys 2023-01-15 v3.1.10 (3.1.10)
(c:/Users/kelly.marjanovic/AppData/Roaming/TinyTeX/texmf-dist/tex/generic/pgf/utilities/pgfkeys.code.tex
\pgfkeys@pathtoks=\toks32
\pgfkeys@temptoks=\toks33
(c:/Users/kelly.marjanovic/AppData/Roaming/TinyTeX/texmf-dist/tex/generic/pgf/utilities/pgfkeyslibraryfiltered.code.tex
\pgfkeys@tmptoks=\toks34
))
\pgf@x=\dimen176
\pgf@y=\dimen177
\pgf@xa=\dimen178
\pgf@ya=\dimen179
\pgf@xb=\dimen180
\pgf@yb=\dimen181
\pgf@xc=\dimen182
\pgf@yc=\dimen183
\pgf@xd=\dimen184
\pgf@yd=\dimen185
\w@pgf@writea=\write3
\r@pgf@reada=\read2
\c@pgf@counta=\count299
\c@pgf@countb=\count300
\c@pgf@countc=\count301
\c@pgf@countd=\count302
\t@pgf@toka=\toks35
\t@pgf@tokb=\toks36
\t@pgf@tokc=\toks37
\pgf@sys@id@count=\count303
(c:/Users/kelly.marjanovic/AppData/Roaming/TinyTeX/texmf-dist/tex/generic/pgf/systemlayer/pgf.cfg
File: pgf.cfg 2023-01-15 v3.1.10 (3.1.10)
)
Driver file for pgf: pgfsys-xetex.def
(c:/Users/kelly.marjanovic/AppData/Roaming/TinyTeX/texmf-dist/tex/generic/pgf/systemlayer/pgfsys-xetex.def
File: pgfsys-xetex.def 2023-01-15 v3.1.10 (3.1.10)
(c:/Users/kelly.marjanovic/AppData/Roaming/TinyTeX/texmf-dist/tex/generic/pgf/systemlayer/pgfsys-dvipdfmx.def
File: pgfsys-dvipdfmx.def 2023-01-15 v3.1.10 (3.1.10)
(c:/Users/kelly.marjanovic/AppData/Roaming/TinyTeX/texmf-dist/tex/generic/pgf/systemlayer/pgfsys-common-pdf.def
File: pgfsys-common-pdf.def 2023-01-15 v3.1.10 (3.1.10)
)
\pgfsys@objnum=\count304
))) (c:/Users/kelly.marjanovic/AppData/Roaming/TinyTeX/texmf-dist/tex/generic/pgf/systemlayer/pgfsyssoftpath.code.tex
File: pgfsyssoftpath.code.tex 2023-01-15 v3.1.10 (3.1.10)
\pgfsyssoftpath@smallbuffer@items=\count305
\pgfsyssoftpath@bigbuffer@items=\count306
) (c:/Users/kelly.marjanovic/AppData/Roaming/TinyTeX/texmf-dist/tex/generic/pgf/systemlayer/pgfsysprotocol.code.tex
File: pgfsysprotocol.code.tex 2023-01-15 v3.1.10 (3.1.10)
)) (c:/Users/kelly.marjanovic/AppData/Roaming/TinyTeX/texmf-dist/tex/generic/pgf/basiclayer/pgfcore.code.tex
Package: pgfcore 2023-01-15 v3.1.10 (3.1.10)
(c:/Users/kelly.marjanovic/AppData/Roaming/TinyTeX/texmf-dist/tex/generic/pgf/math/pgfmath.code.tex (c:/Users/kelly.marjanovic/AppData/Roaming/TinyTeX/texmf-dist/tex/generic/pgf/math/pgfmathutil.code.tex) (c:/Users/kelly.marjanovic/AppData/Roaming/TinyTeX/texmf-dist/tex/generic/pgf/math/pgfmathparser.code.tex
\pgfmath@dimen=\dimen186
\pgfmath@count=\count307
\pgfmath@box=\box63
\pgfmath@toks=\toks38
\pgfmath@stack@operand=\toks39
\pgfmath@stack@operation=\toks40
) (c:/Users/kelly.marjanovic/AppData/Roaming/TinyTeX/texmf-dist/tex/generic/pgf/math/pgfmathfunctions.code.tex) (c:/Users/kelly.marjanovic/AppData/Roaming/TinyTeX/texmf-dist/tex/generic/pgf/math/pgfmathfunctions.basic.code.tex) (c:/Users/kelly.marjanovic/AppData/Roaming/TinyTeX/texmf-dist/tex/generic/pgf/math/pgfmathfunctions.trigonometric.code.tex) (c:/Users/kelly.marjanovic/AppData/Roaming/TinyTeX/texmf-dist/tex/generic/pgf/math/pgfmathfunctions.random.code.tex) (c:/Users/kelly.marjanovic/AppData/Roaming/TinyTeX/texmf-dist/tex/generic/pgf/math/pgfmathfunctions.comparison.code.tex) (c:/Users/kelly.marjanovic/AppData/Roaming/TinyTeX/texmf-dist/tex/generic/pgf/math/pgfmathfunctions.base.code.tex) (c:/Users/kelly.marjanovic/AppData/Roaming/TinyTeX/texmf-dist/tex/generic/pgf/math/pgfmathfunctions.round.code.tex) (c:/Users/kelly.marjanovic/AppData/Roaming/TinyTeX/texmf-dist/tex/generic/pgf/math/pgfmathfunctions.misc.code.tex) (c:/Users/kelly.marjanovic/AppData/Roaming/TinyTeX/texmf-dist/tex/generic/pgf/math/pgfmathfunctions.integerarithmetics.code.tex) (c:/Users/kelly.marjanovic/AppData/Roaming/TinyTeX/texmf-dist/tex/generic/pgf/math/pgfmathcalc.code.tex) (c:/Users/kelly.marjanovic/AppData/Roaming/TinyTeX/texmf-dist/tex/generic/pgf/math/pgfmathfloat.code.tex
\c@pgfmathroundto@lastzeros=\count308
)) (c:/Users/kelly.marjanovic/AppData/Roaming/TinyTeX/texmf-dist/tex/generic/pgf/math/pgfint.code.tex) (c:/Users/kelly.marjanovic/AppData/Roaming/TinyTeX/texmf-dist/tex/generic/pgf/basiclayer/pgfcorepoints.code.tex
File: pgfcorepoints.code.tex 2023-01-15 v3.1.10 (3.1.10)
\pgf@picminx=\dimen187
\pgf@picmaxx=\dimen188
\pgf@picminy=\dimen189
\pgf@picmaxy=\dimen190
\pgf@pathminx=\dimen191
\pgf@pathmaxx=\dimen192
\pgf@pathminy=\dimen193
\pgf@pathmaxy=\dimen194
\pgf@xx=\dimen195
\pgf@xy=\dimen196
\pgf@yx=\dimen197
\pgf@yy=\dimen198
\pgf@zx=\dimen199
\pgf@zy=\dimen256
) (c:/Users/kelly.marjanovic/AppData/Roaming/TinyTeX/texmf-dist/tex/generic/pgf/basiclayer/pgfcorepathconstruct.code.tex
File: pgfcorepathconstruct.code.tex 2023-01-15 v3.1.10 (3.1.10)
\pgf@path@lastx=\dimen257
\pgf@path@lasty=\dimen258
) (c:/Users/kelly.marjanovic/AppData/Roaming/TinyTeX/texmf-dist/tex/generic/pgf/basiclayer/pgfcorepathusage.code.tex
File: pgfcorepathusage.code.tex 2023-01-15 v3.1.10 (3.1.10)
\pgf@shorten@end@additional=\dimen259
\pgf@shorten@start@additional=\dimen260
) (c:/Users/kelly.marjanovic/AppData/Roaming/TinyTeX/texmf-dist/tex/generic/pgf/basiclayer/pgfcorescopes.code.tex
File: pgfcorescopes.code.tex 2023-01-15 v3.1.10 (3.1.10)
\pgfpic=\box64
\pgf@hbox=\box65
\pgf@layerbox@main=\box66
\pgf@picture@serial@count=\count309
) (c:/Users/kelly.marjanovic/AppData/Roaming/TinyTeX/texmf-dist/tex/generic/pgf/basiclayer/pgfcoregraphicstate.code.tex
File: pgfcoregraphicstate.code.tex 2023-01-15 v3.1.10 (3.1.10)
\pgflinewidth=\dimen261
) (c:/Users/kelly.marjanovic/AppData/Roaming/TinyTeX/texmf-dist/tex/generic/pgf/basiclayer/pgfcoretransformations.code.tex
File: pgfcoretransformations.code.tex 2023-01-15 v3.1.10 (3.1.10)
\pgf@pt@x=\dimen262
\pgf@pt@y=\dimen263
\pgf@pt@temp=\dimen264
) (c:/Users/kelly.marjanovic/AppData/Roaming/TinyTeX/texmf-dist/tex/generic/pgf/basiclayer/pgfcorequick.code.tex
File: pgfcorequick.code.tex 2023-01-15 v3.1.10 (3.1.10)
) (c:/Users/kelly.marjanovic/AppData/Roaming/TinyTeX/texmf-dist/tex/generic/pgf/basiclayer/pgfcoreobjects.code.tex
File: pgfcoreobjects.code.tex 2023-01-15 v3.1.10 (3.1.10)
) (c:/Users/kelly.marjanovic/AppData/Roaming/TinyTeX/texmf-dist/tex/generic/pgf/basiclayer/pgfcorepathprocessing.code.tex
File: pgfcorepathprocessing.code.tex 2023-01-15 v3.1.10 (3.1.10)
) (c:/Users/kelly.marjanovic/AppData/Roaming/TinyTeX/texmf-dist/tex/generic/pgf/basiclayer/pgfcorearrows.code.tex
File: pgfcorearrows.code.tex 2023-01-15 v3.1.10 (3.1.10)
\pgfarrowsep=\dimen265
) (c:/Users/kelly.marjanovic/AppData/Roaming/TinyTeX/texmf-dist/tex/generic/pgf/basiclayer/pgfcoreshade.code.tex
File: pgfcoreshade.code.tex 2023-01-15 v3.1.10 (3.1.10)
\pgf@max=\dimen266
\pgf@sys@shading@range@num=\count310
\pgf@shadingcount=\count311
) (c:/Users/kelly.marjanovic/AppData/Roaming/TinyTeX/texmf-dist/tex/generic/pgf/basiclayer/pgfcoreimage.code.tex
File: pgfcoreimage.code.tex 2023-01-15 v3.1.10 (3.1.10)
) (c:/Users/kelly.marjanovic/AppData/Roaming/TinyTeX/texmf-dist/tex/generic/pgf/basiclayer/pgfcoreexternal.code.tex
File: pgfcoreexternal.code.tex 2023-01-15 v3.1.10 (3.1.10)
\pgfexternal@startupbox=\box67
) (c:/Users/kelly.marjanovic/AppData/Roaming/TinyTeX/texmf-dist/tex/generic/pgf/basiclayer/pgfcorelayers.code.tex
File: pgfcorelayers.code.tex 2023-01-15 v3.1.10 (3.1.10)
) (c:/Users/kelly.marjanovic/AppData/Roaming/TinyTeX/texmf-dist/tex/generic/pgf/basiclayer/pgfcoretransparency.code.tex
File: pgfcoretransparency.code.tex 2023-01-15 v3.1.10 (3.1.10)
) (c:/Users/kelly.marjanovic/AppData/Roaming/TinyTeX/texmf-dist/tex/generic/pgf/basiclayer/pgfcorepatterns.code.tex
File: pgfcorepatterns.code.tex 2023-01-15 v3.1.10 (3.1.10)
) (c:/Users/kelly.marjanovic/AppData/Roaming/TinyTeX/texmf-dist/tex/generic/pgf/basiclayer/pgfcorerdf.code.tex
File: pgfcorerdf.code.tex 2023-01-15 v3.1.10 (3.1.10)
))) (c:/Users/kelly.marjanovic/AppData/Roaming/TinyTeX/texmf-dist/tex/generic/pgf/modules/pgfmoduleshapes.code.tex
File: pgfmoduleshapes.code.tex 2023-01-15 v3.1.10 (3.1.10)
\pgfnodeparttextbox=\box68
) (c:/Users/kelly.marjanovic/AppData/Roaming/TinyTeX/texmf-dist/tex/generic/pgf/modules/pgfmoduleplot.code.tex
File: pgfmoduleplot.code.tex 2023-01-15 v3.1.10 (3.1.10)
) (c:/Users/kelly.marjanovic/AppData/Roaming/TinyTeX/texmf-dist/tex/latex/pgf/compatibility/pgfcomp-version-0-65.sty
Package: pgfcomp-version-0-65 2023-01-15 v3.1.10 (3.1.10)
\pgf@nodesepstart=\dimen267
\pgf@nodesepend=\dimen268
) (c:/Users/kelly.marjanovic/AppData/Roaming/TinyTeX/texmf-dist/tex/latex/pgf/compatibility/pgfcomp-version-1-18.sty
Package: pgfcomp-version-1-18 2023-01-15 v3.1.10 (3.1.10)
)) (c:/Users/kelly.marjanovic/AppData/Roaming/TinyTeX/texmf-dist/tex/latex/tools/verbatim.sty
Package: verbatim 2022-07-02 v1.5u LaTeX2e package for verbatim enhancements
\every@verbatim=\toks41
\verbatim@line=\toks42
\verbatim@in@stream=\read3
) (c:/Users/kelly.marjanovic/AppData/Roaming/TinyTeX/texmf-dist/tex/latex/environ/environ.sty
Package: environ 2014/05/04 v0.3 A new way to define environments
(c:/Users/kelly.marjanovic/AppData/Roaming/TinyTeX/texmf-dist/tex/latex/trimspaces/trimspaces.sty
Package: trimspaces 2009/09/17 v1.1 Trim spaces around a token list
))
\tcb@titlebox=\box69
\tcb@upperbox=\box70
\tcb@lowerbox=\box71
\tcb@phantombox=\box72
\c@tcbbreakpart=\count312
\c@tcblayer=\count313
\c@tcolorbox@number=\count314
\tcb@temp=\box73
\tcb@temp=\box74
\tcb@temp=\box75
\tcb@temp=\box76
) (c:/Users/kelly.marjanovic/AppData/Roaming/TinyTeX/texmf-dist/tex/latex/natbib/natbib.sty
Package: natbib 2010/09/13 8.31b (PWD, AO)
\bibhang=\skip65
\bibsep=\skip66
LaTeX Info: Redefining \cite on input line 694.
\c@NAT@ctr=\count315
) (c:/Users/kelly.marjanovic/AppData/Roaming/TinyTeX/texmf-dist/tex/latex/hyperref/hyperref.sty
Package: hyperref 2023-07-08 v7.01b Hypertext links for LaTeX
(c:/Users/kelly.marjanovic/AppData/Roaming/TinyTeX/texmf-dist/tex/generic/ltxcmds/ltxcmds.sty
Package: ltxcmds 2020-05-10 v1.25 LaTeX kernel commands for general use (HO)
) (c:/Users/kelly.marjanovic/AppData/Roaming/TinyTeX/texmf-dist/tex/generic/pdftexcmds/pdftexcmds.sty
Package: pdftexcmds 2020-06-27 v0.33 Utility functions of pdfTeX for LuaTeX (HO)
(c:/Users/kelly.marjanovic/AppData/Roaming/TinyTeX/texmf-dist/tex/generic/infwarerr/infwarerr.sty
Package: infwarerr 2019/12/03 v1.5 Providing info/warning/error messages (HO)
)
Package pdftexcmds Info: \pdf@primitive is available.
Package pdftexcmds Info: \pdf@ifprimitive is available.
Package pdftexcmds Info: \pdfdraftmode not found.
) (c:/Users/kelly.marjanovic/AppData/Roaming/TinyTeX/texmf-dist/tex/latex/kvsetkeys/kvsetkeys.sty
Package: kvsetkeys 2022-10-05 v1.19 Key value parser (HO)
) (c:/Users/kelly.marjanovic/AppData/Roaming/TinyTeX/texmf-dist/tex/generic/kvdefinekeys/kvdefinekeys.sty
Package: kvdefinekeys 2019-12-19 v1.6 Define keys (HO)
) (c:/Users/kelly.marjanovic/AppData/Roaming/TinyTeX/texmf-dist/tex/generic/pdfescape/pdfescape.sty
Package: pdfescape 2019/12/09 v1.15 Implements pdfTeX's escape features (HO)
) (c:/Users/kelly.marjanovic/AppData/Roaming/TinyTeX/texmf-dist/tex/latex/hycolor/hycolor.sty
Package: hycolor 2020-01-27 v1.10 Color options for hyperref/bookmark (HO)
) (c:/Users/kelly.marjanovic/AppData/Roaming/TinyTeX/texmf-dist/tex/latex/letltxmacro/letltxmacro.sty
Package: letltxmacro 2019/12/03 v1.6 Let assignment for LaTeX macros (HO)
) (c:/Users/kelly.marjanovic/AppData/Roaming/TinyTeX/texmf-dist/tex/latex/auxhook/auxhook.sty
Package: auxhook 2019-12-17 v1.6 Hooks for auxiliary files (HO)
) (c:/Users/kelly.marjanovic/AppData/Roaming/TinyTeX/texmf-dist/tex/latex/hyperref/nameref.sty
Package: nameref 2023-08-07 v2.53 Cross-referencing by name of section
(c:/Users/kelly.marjanovic/AppData/Roaming/TinyTeX/texmf-dist/tex/latex/refcount/refcount.sty
Package: refcount 2019/12/15 v3.6 Data extraction from label references (HO)
) (c:/Users/kelly.marjanovic/AppData/Roaming/TinyTeX/texmf-dist/tex/generic/gettitlestring/gettitlestring.sty
Package: gettitlestring 2019/12/15 v1.6 Cleanup title references (HO)
(c:/Users/kelly.marjanovic/AppData/Roaming/TinyTeX/texmf-dist/tex/latex/kvoptions/kvoptions.sty
Package: kvoptions 2022-06-15 v3.15 Key value format for package options (HO)
))
\c@section@level=\count316
)
\@linkdim=\dimen269
\Hy@linkcounter=\count317
\Hy@pagecounter=\count318
(c:/Users/kelly.marjanovic/AppData/Roaming/TinyTeX/texmf-dist/tex/latex/hyperref/pd1enc.def
File: pd1enc.def 2023-07-08 v7.01b Hyperref: PDFDocEncoding definition (HO)
) (c:/Users/kelly.marjanovic/AppData/Roaming/TinyTeX/texmf-dist/tex/generic/intcalc/intcalc.sty
Package: intcalc 2019/12/15 v1.3 Expandable calculations with integers (HO)
)
\Hy@SavedSpaceFactor=\count319
(c:/Users/kelly.marjanovic/AppData/Roaming/TinyTeX/texmf-dist/tex/latex/hyperref/puenc.def
File: puenc.def 2023-07-08 v7.01b Hyperref: PDF Unicode definition (HO)
)
Package hyperref Info: Option `unicode' set `true' on input line 4050.
Package hyperref Info: Hyper figures OFF on input line 4167.
Package hyperref Info: Link nesting OFF on input line 4172.
Package hyperref Info: Hyper index ON on input line 4175.
Package hyperref Info: Plain pages OFF on input line 4182.
Package hyperref Info: Backreferencing OFF on input line 4187.
Package hyperref Info: Implicit mode ON; LaTeX internals redefined.
Package hyperref Info: Bookmarks ON on input line 4434.
\c@Hy@tempcnt=\count320
(c:/Users/kelly.marjanovic/AppData/Roaming/TinyTeX/texmf-dist/tex/latex/url/url.sty
\Urlmuskip=\muskip18
Package: url 2013/09/16  ver 3.4  Verb mode for urls, etc.
)
LaTeX Info: Redefining \url on input line 4772.
\XeTeXLinkMargin=\dimen270
(c:/Users/kelly.marjanovic/AppData/Roaming/TinyTeX/texmf-dist/tex/generic/bitset/bitset.sty
Package: bitset 2019/12/09 v1.3 Handle bit-vector datatype (HO)
(c:/Users/kelly.marjanovic/AppData/Roaming/TinyTeX/texmf-dist/tex/generic/bigintcalc/bigintcalc.sty
Package: bigintcalc 2019/12/15 v1.5 Expandable calculations on big integers (HO)
))
\Fld@menulength=\count321
\Field@Width=\dimen271
\Fld@charsize=\dimen272
Package hyperref Info: Hyper figures OFF on input line 6051.
Package hyperref Info: Link nesting OFF on input line 6056.
Package hyperref Info: Hyper index ON on input line 6059.
Package hyperref Info: backreferencing OFF on input line 6066.
Package hyperref Info: Link coloring OFF on input line 6071.
Package hyperref Info: Link coloring with OCG OFF on input line 6076.
Package hyperref Info: PDF/A mode OFF on input line 6081.
(c:/Users/kelly.marjanovic/AppData/Roaming/TinyTeX/texmf-dist/tex/latex/base/atbegshi-ltx.sty
Package: atbegshi-ltx 2021/01/10 v1.0c Emulation of the original atbegshi
package with kernel methods
)
\Hy@abspage=\count322
\c@Item=\count323
\c@Hfootnote=\count324
)
Package hyperref Info: Driver (autodetected): hxetex.
(c:/Users/kelly.marjanovic/AppData/Roaming/TinyTeX/texmf-dist/tex/latex/hyperref/hxetex.def
File: hxetex.def 2023-07-08 v7.01b Hyperref driver for XeTeX
(c:/Users/kelly.marjanovic/AppData/Roaming/TinyTeX/texmf-dist/tex/generic/stringenc/stringenc.sty
Package: stringenc 2019/11/29 v1.12 Convert strings between diff. encodings (HO)
)
\pdfm@box=\box77
\c@Hy@AnnotLevel=\count325
\HyField@AnnotCount=\count326
\Fld@listcount=\count327
\c@bookmark@seq@number=\count328
(c:/Users/kelly.marjanovic/AppData/Roaming/TinyTeX/texmf-dist/tex/latex/rerunfilecheck/rerunfilecheck.sty
Package: rerunfilecheck 2022-07-10 v1.10 Rerun checks for auxiliary files (HO)
(c:/Users/kelly.marjanovic/AppData/Roaming/TinyTeX/texmf-dist/tex/latex/base/atveryend-ltx.sty
Package: atveryend-ltx 2020/08/19 v1.0a Emulation of the original atveryend package
with kernel methods
) (c:/Users/kelly.marjanovic/AppData/Roaming/TinyTeX/texmf-dist/tex/generic/uniquecounter/uniquecounter.sty
Package: uniquecounter 2019/12/15 v1.4 Provide unlimited unique counter (HO)
)
Package uniquecounter Info: New unique counter `rerunfilecheck' on input line 285.
)
\Hy@SectionHShift=\skip67
)
\c@theorem=\count329
\c@lemma=\count330
\c@corollary=\count331
\c@proposition=\count332
\c@conjecture=\count333
\c@definition=\count334
\c@example=\count335
\c@exercise=\count336
\c@hypothesis=\count337
(./inno101.aux)
\openout1 = `inno101.aux'.

LaTeX Font Info:    Checking defaults for OML/cmm/m/it on input line 161.
LaTeX Font Info:    ... okay on input line 161.
LaTeX Font Info:    Checking defaults for OMS/cmsy/m/n on input line 161.
LaTeX Font Info:    ... okay on input line 161.
LaTeX Font Info:    Checking defaults for OT1/cmr/m/n on input line 161.
LaTeX Font Info:    ... okay on input line 161.
LaTeX Font Info:    Checking defaults for T1/cmr/m/n on input line 161.
LaTeX Font Info:    ... okay on input line 161.
LaTeX Font Info:    Checking defaults for TS1/cmr/m/n on input line 161.
LaTeX Font Info:    ... okay on input line 161.
LaTeX Font Info:    Checking defaults for TU/lmr/m/n on input line 161.
LaTeX Font Info:    ... okay on input line 161.
LaTeX Font Info:    Checking defaults for OMX/cmex/m/n on input line 161.
LaTeX Font Info:    ... okay on input line 161.
LaTeX Font Info:    Checking defaults for U/cmr/m/n on input line 161.
LaTeX Font Info:    ... okay on input line 161.
LaTeX Font Info:    Checking defaults for PD1/pdf/m/n on input line 161.
LaTeX Font Info:    ... okay on input line 161.
LaTeX Font Info:    Checking defaults for PU/pdf/m/n on input line 161.
LaTeX Font Info:    ... okay on input line 161.
LaTeX Font Info:    Overwriting math alphabet `\mathrm' in version `normal'
(Font)                  OT1/lmr/m/n --> TU/lmr/m/n on input line 161.
LaTeX Font Info:    Overwriting math alphabet `\mathit' in version `normal'
(Font)                  OT1/lmr/m/it --> TU/lmr/m/it on input line 161.
LaTeX Font Info:    Overwriting math alphabet `\mathbf' in version `normal'
(Font)                  OT1/lmr/bx/n --> TU/lmr/bx/n on input line 161.
LaTeX Font Info:    Overwriting math alphabet `\mathsf' in version `normal'
(Font)                  OT1/lmss/m/n --> TU/lmss/m/n on input line 161.
LaTeX Font Info:    Overwriting math alphabet `\mathsf' in version `bold'
(Font)                  OT1/lmss/bx/n --> TU/lmss/bx/n on input line 161.
LaTeX Font Info:    Overwriting math alphabet `\mathtt' in version `normal'
(Font)                  OT1/lmtt/m/n --> TU/lmtt/m/n on input line 161.
LaTeX Font Info:    Overwriting math alphabet `\mathtt' in version `bold'
(Font)                  OT1/lmtt/m/n --> TU/lmtt/bx/n on input line 161.

Package fontspec Info: latinmodern-math scale = 0.9999964596882403.


Package fontspec Info: latinmodern-math scale = 0.9999964596882403.


Package fontspec Info: latinmodern-math scale = 0.9999964596882403.


Package fontspec Info: Font family 'latinmodern-math.otf(0)' created for font
(fontspec)             'latinmodern-math.otf' with options
(fontspec)             [Scale=MatchLowercase,BoldItalicFont={},ItalicFont={},SmallCapsFont={},Script=Math,BoldFont={latinmodern-math.otf}].
(fontspec)              
(fontspec)              This font family consists of the following NFSS
(fontspec)             series/shapes:
(fontspec)              
(fontspec)             - 'normal' (m/n) with NFSS spec.:
(fontspec)             <->s*[0.9999964596882403]"[latinmodern-math.otf]/OT:script=math;language=dflt;"
(fontspec)             - 'small caps'  (m/sc) with NFSS spec.: 
(fontspec)             - 'bold' (b/n) with NFSS spec.:
(fontspec)             <->s*[0.9999964596882403]"[latinmodern-math.otf]/OT:script=math;language=dflt;"
(fontspec)             - 'bold small caps'  (b/sc) with NFSS spec.: 

LaTeX Font Info:    Font shape `TU/latinmodern-math.otf(0)/m/n' will be
(Font)              scaled to size 10.0pt on input line 161.

Package fontspec Info: latinmodern-math scale = 0.9999964596882403.


Package fontspec Info: latinmodern-math scale = 0.9999964596882403.


Package fontspec Info: latinmodern-math scale = 0.9999964596882403.


Package fontspec Info: latinmodern-math scale = 0.9999964596882403.


Package fontspec Info: latinmodern-math scale = 0.9999964596882403.


Package fontspec Info: Font family 'latinmodern-math.otf(1)' created for font
(fontspec)             'latinmodern-math.otf' with options
(fontspec)             [Scale=MatchLowercase,BoldItalicFont={},ItalicFont={},SmallCapsFont={},Script=Math,SizeFeatures={{Size=8.5-},{Size=6-8.5,Font=latinmodern-math.otf,Style=MathScript},{Size=-6,Font=latinmodern-math.otf,Style=MathScriptScript}},BoldFont={latinmodern-math.otf}].
(fontspec)              
(fontspec)              This font family consists of the following NFSS
(fontspec)             series/shapes:
(fontspec)              
(fontspec)             - 'normal' (m/n) with NFSS spec.:
(fontspec)             <8.5->s*[0.9999964596882403]"[latinmodern-math.otf]/OT:script=math;language=dflt;"<6-8.5>s*[0.9999964596882403]"[latinmodern-math.otf]/OT:script=math;language=dflt;+ssty=0;"<-6>s*[0.9999964596882403]"[latinmodern-math.otf]/OT:script=math;language=dflt;+ssty=1;"
(fontspec)             - 'small caps'  (m/sc) with NFSS spec.: 
(fontspec)             - 'bold' (b/n) with NFSS spec.:
(fontspec)             <->s*[0.9999964596882403]"[latinmodern-math.otf]/OT:script=math;language=dflt;"
(fontspec)             - 'bold small caps'  (b/sc) with NFSS spec.: 

LaTeX Font Info:    Font shape `TU/latinmodern-math.otf(1)/m/n' will be
(Font)              scaled to size 10.0pt on input line 161.
LaTeX Font Info:    Encoding `OT1' has changed to `TU' for symbol font
(Font)              `operators' in the math version `normal' on input line 161.
LaTeX Font Info:    Overwriting symbol font `operators' in version `normal'
(Font)                  OT1/lmr/m/n --> TU/latinmodern-math.otf(1)/m/n on input line 161.
LaTeX Font Info:    Encoding `OT1' has changed to `TU' for symbol font
(Font)              `operators' in the math version `bold' on input line 161.
LaTeX Font Info:    Overwriting symbol font `operators' in version `bold'
(Font)                  OT1/lmr/bx/n --> TU/latinmodern-math.otf(1)/b/n on input line 161.

Package fontspec Info: latinmodern-math scale = 0.9999964596882403.


Package fontspec Info: latinmodern-math scale = 1.000096459334209.


Package fontspec Info: latinmodern-math scale = 0.9999964596882403.


Package fontspec Info: latinmodern-math scale = 1.000096459334209.


Package fontspec Info: latinmodern-math scale = 0.9999964596882403.


Package fontspec Info: latinmodern-math scale = 1.000096459334209.


Package fontspec Info: latinmodern-math scale = 0.9999964596882403.


Package fontspec Info: latinmodern-math scale = 1.000096459334209.


Package fontspec Info: latinmodern-math scale = 0.9999964596882403.


Package fontspec Info: latinmodern-math scale = 1.000096459334209.


Package fontspec Info: Font family 'latinmodern-math.otf(2)' created for font
(fontspec)             'latinmodern-math.otf' with options
(fontspec)             [Scale=MatchLowercase,BoldItalicFont={},ItalicFont={},SmallCapsFont={},Script=Math,SizeFeatures={{Size=8.5-},{Size=6-8.5,Font=latinmodern-math.otf,Style=MathScript},{Size=-6,Font=latinmodern-math.otf,Style=MathScriptScript}},BoldFont={latinmodern-math.otf},ScaleAgain=1.0001,FontAdjustment={\fontdimen
(fontspec)             8\font =6.77pt\relax \fontdimen 9\font =3.94pt\relax
(fontspec)             \fontdimen 10\font =4.44pt\relax \fontdimen 11\font
(fontspec)             =6.86pt\relax \fontdimen 12\font =3.45pt\relax
(fontspec)             \fontdimen 13\font =3.63pt\relax \fontdimen 14\font
(fontspec)             =3.63pt\relax \fontdimen 15\font =2.89pt\relax
(fontspec)             \fontdimen 16\font =2.47pt\relax \fontdimen 17\font
(fontspec)             =2.47pt\relax \fontdimen 18\font =2.5pt\relax
(fontspec)             \fontdimen 19\font =2.0pt\relax \fontdimen 22\font
(fontspec)             =2.5pt\relax \fontdimen 20\font =0pt\relax \fontdimen
(fontspec)             21\font =0pt\relax }].
(fontspec)              
(fontspec)              This font family consists of the following NFSS
(fontspec)             series/shapes:
(fontspec)              
(fontspec)             - 'normal' (m/n) with NFSS spec.:
(fontspec)             <8.5->s*[1.000096459334209]"[latinmodern-math.otf]/OT:script=math;language=dflt;"<6-8.5>s*[1.000096459334209]"[latinmodern-math.otf]/OT:script=math;language=dflt;+ssty=0;"<-6>s*[1.000096459334209]"[latinmodern-math.otf]/OT:script=math;language=dflt;+ssty=1;"
(fontspec)             - 'small caps'  (m/sc) with NFSS spec.: 
(fontspec)             and font adjustment code:
(fontspec)             \fontdimen 8\font =6.77pt\relax \fontdimen 9\font
(fontspec)             =3.94pt\relax \fontdimen 10\font =4.44pt\relax
(fontspec)             \fontdimen 11\font =6.86pt\relax \fontdimen 12\font
(fontspec)             =3.45pt\relax \fontdimen 13\font =3.63pt\relax
(fontspec)             \fontdimen 14\font =3.63pt\relax \fontdimen 15\font
(fontspec)             =2.89pt\relax \fontdimen 16\font =2.47pt\relax
(fontspec)             \fontdimen 17\font =2.47pt\relax \fontdimen 18\font
(fontspec)             =2.5pt\relax \fontdimen 19\font =2.0pt\relax \fontdimen
(fontspec)             22\font =2.5pt\relax \fontdimen 20\font =0pt\relax
(fontspec)             \fontdimen 21\font =0pt\relax 
(fontspec)             - 'bold' (b/n) with NFSS spec.:
(fontspec)             <->s*[1.000096459334209]"[latinmodern-math.otf]/OT:script=math;language=dflt;"
(fontspec)             - 'bold small caps'  (b/sc) with NFSS spec.: 
(fontspec)             and font adjustment code:
(fontspec)             \fontdimen 8\font =6.77pt\relax \fontdimen 9\font
(fontspec)             =3.94pt\relax \fontdimen 10\font =4.44pt\relax
(fontspec)             \fontdimen 11\font =6.86pt\relax \fontdimen 12\font
(fontspec)             =3.45pt\relax \fontdimen 13\font =3.63pt\relax
(fontspec)             \fontdimen 14\font =3.63pt\relax \fontdimen 15\font
(fontspec)             =2.89pt\relax \fontdimen 16\font =2.47pt\relax
(fontspec)             \fontdimen 17\font =2.47pt\relax \fontdimen 18\font
(fontspec)             =2.5pt\relax \fontdimen 19\font =2.0pt\relax \fontdimen
(fontspec)             22\font =2.5pt\relax \fontdimen 20\font =0pt\relax
(fontspec)             \fontdimen 21\font =0pt\relax 

LaTeX Font Info:    Encoding `OMS' has changed to `TU' for symbol font
(Font)              `symbols' in the math version `normal' on input line 161.
LaTeX Font Info:    Overwriting symbol font `symbols' in version `normal'
(Font)                  OMS/lmsy/m/n --> TU/latinmodern-math.otf(2)/m/n on input line 161.
LaTeX Font Info:    Encoding `OMS' has changed to `TU' for symbol font
(Font)              `symbols' in the math version `bold' on input line 161.
LaTeX Font Info:    Overwriting symbol font `symbols' in version `bold'
(Font)                  OMS/lmsy/b/n --> TU/latinmodern-math.otf(2)/b/n on input line 161.

Package fontspec Info: latinmodern-math scale = 0.9999964596882403.


Package fontspec Info: latinmodern-math scale = 0.9998964600422715.


Package fontspec Info: latinmodern-math scale = 0.9999964596882403.


Package fontspec Info: latinmodern-math scale = 0.9998964600422715.


Package fontspec Info: latinmodern-math scale = 0.9999964596882403.


Package fontspec Info: latinmodern-math scale = 0.9998964600422715.


Package fontspec Info: latinmodern-math scale = 0.9999964596882403.


Package fontspec Info: latinmodern-math scale = 0.9998964600422715.


Package fontspec Info: latinmodern-math scale = 0.9999964596882403.


Package fontspec Info: latinmodern-math scale = 0.9998964600422715.


Package fontspec Info: Font family 'latinmodern-math.otf(3)' created for font
(fontspec)             'latinmodern-math.otf' with options
(fontspec)             [Scale=MatchLowercase,BoldItalicFont={},ItalicFont={},SmallCapsFont={},Script=Math,SizeFeatures={{Size=8.5-},{Size=6-8.5,Font=latinmodern-math.otf,Style=MathScript},{Size=-6,Font=latinmodern-math.otf,Style=MathScriptScript}},BoldFont={latinmodern-math.otf},ScaleAgain=0.9999,FontAdjustment={\fontdimen
(fontspec)             8\font =0.4pt\relax \fontdimen 9\font =2.0pt\relax
(fontspec)             \fontdimen 10\font =1.67pt\relax \fontdimen 11\font
(fontspec)             =1.11pt\relax \fontdimen 12\font =6.0pt\relax
(fontspec)             \fontdimen 13\font =0pt\relax }].
(fontspec)              
(fontspec)              This font family consists of the following NFSS
(fontspec)             series/shapes:
(fontspec)              
(fontspec)             - 'normal' (m/n) with NFSS spec.:
(fontspec)             <8.5->s*[0.9998964600422715]"[latinmodern-math.otf]/OT:script=math;language=dflt;"<6-8.5>s*[0.9998964600422715]"[latinmodern-math.otf]/OT:script=math;language=dflt;+ssty=0;"<-6>s*[0.9998964600422715]"[latinmodern-math.otf]/OT:script=math;language=dflt;+ssty=1;"
(fontspec)             - 'small caps'  (m/sc) with NFSS spec.: 
(fontspec)             and font adjustment code:
(fontspec)             \fontdimen 8\font =0.4pt\relax \fontdimen 9\font
(fontspec)             =2.0pt\relax \fontdimen 10\font =1.67pt\relax
(fontspec)             \fontdimen 11\font =1.11pt\relax \fontdimen 12\font
(fontspec)             =6.0pt\relax \fontdimen 13\font =0pt\relax 
(fontspec)             - 'bold' (b/n) with NFSS spec.:
(fontspec)             <->s*[0.9998964600422715]"[latinmodern-math.otf]/OT:script=math;language=dflt;"
(fontspec)             - 'bold small caps'  (b/sc) with NFSS spec.: 
(fontspec)             and font adjustment code:
(fontspec)             \fontdimen 8\font =0.4pt\relax \fontdimen 9\font
(fontspec)             =2.0pt\relax \fontdimen 10\font =1.67pt\relax
(fontspec)             \fontdimen 11\font =1.11pt\relax \fontdimen 12\font
(fontspec)             =6.0pt\relax \fontdimen 13\font =0pt\relax 

LaTeX Font Info:    Encoding `OMX' has changed to `TU' for symbol font
(Font)              `largesymbols' in the math version `normal' on input line 161.
LaTeX Font Info:    Overwriting symbol font `largesymbols' in version `normal'
(Font)                  OMX/lmex/m/n --> TU/latinmodern-math.otf(3)/m/n on input line 161.
LaTeX Font Info:    Encoding `OMX' has changed to `TU' for symbol font
(Font)              `largesymbols' in the math version `bold' on input line 161.
LaTeX Font Info:    Overwriting symbol font `largesymbols' in version `bold'
(Font)                  OMX/lmex/m/n --> TU/latinmodern-math.otf(3)/b/n on input line 161.
Package hyperref Info: Link coloring OFF on input line 161.
(./inno101.out) (./inno101.out)
\@outlinefile=\write4
\openout4 = `inno101.out'.

LaTeX Font Info:    Font shape `TU/latinmodern-math.otf(1)/m/n' will be
(Font)              scaled to size 12.0pt on input line 163.
LaTeX Font Info:    Font shape `TU/latinmodern-math.otf(1)/m/n' will be
(Font)              scaled to size 8.0pt on input line 163.
LaTeX Font Info:    Font shape `TU/latinmodern-math.otf(1)/m/n' will be
(Font)              scaled to size 6.0pt on input line 163.
LaTeX Font Info:    Trying to load font information for OML+lmm on input line 163.
(c:/Users/kelly.marjanovic/AppData/Roaming/TinyTeX/texmf-dist/tex/latex/lm/omllmm.fd
File: omllmm.fd 2015/05/01 v1.6.1 Font defs for Latin Modern
)
LaTeX Font Info:    Font shape `TU/latinmodern-math.otf(2)/m/n' will be
(Font)              scaled to size 12.0011pt on input line 163.
LaTeX Font Info:    Font shape `TU/latinmodern-math.otf(2)/m/n' will be
(Font)              scaled to size 8.00073pt on input line 163.
LaTeX Font Info:    Font shape `TU/latinmodern-math.otf(2)/m/n' will be
(Font)              scaled to size 6.00055pt on input line 163.
LaTeX Font Info:    Font shape `TU/latinmodern-math.otf(3)/m/n' will be
(Font)              scaled to size 11.99872pt on input line 163.
LaTeX Font Info:    Font shape `TU/latinmodern-math.otf(3)/m/n' will be
(Font)              scaled to size 7.99915pt on input line 163.
LaTeX Font Info:    Font shape `TU/latinmodern-math.otf(3)/m/n' will be
(Font)              scaled to size 5.99936pt on input line 163.
LaTeX Font Info:    Trying to load font information for U+msa on input line 163.
(c:/Users/kelly.marjanovic/AppData/Roaming/TinyTeX/texmf-dist/tex/latex/amsfonts/umsa.fd
File: umsa.fd 2013/01/14 v3.01 AMS symbols A
)
LaTeX Font Info:    Trying to load font information for U+msb on input line 163.
(c:/Users/kelly.marjanovic/AppData/Roaming/TinyTeX/texmf-dist/tex/latex/amsfonts/umsb.fd
File: umsb.fd 2013/01/14 v3.01 AMS symbols B
) [1


] [2

] (./inno101.toc
LaTeX Font Info:    Font shape `TU/latinmodern-math.otf(1)/m/n' will be
(Font)              scaled to size 7.0pt on input line 4.
LaTeX Font Info:    Font shape `TU/latinmodern-math.otf(1)/m/n' will be
(Font)              scaled to size 5.0pt on input line 4.
LaTeX Font Info:    Font shape `TU/latinmodern-math.otf(2)/m/n' will be
(Font)              scaled to size 10.00092pt on input line 4.
LaTeX Font Info:    Font shape `TU/latinmodern-math.otf(2)/m/n' will be
(Font)              scaled to size 7.00064pt on input line 4.
LaTeX Font Info:    Font shape `TU/latinmodern-math.otf(2)/m/n' will be
(Font)              scaled to size 5.00046pt on input line 4.
LaTeX Font Info:    Font shape `TU/latinmodern-math.otf(3)/m/n' will be
(Font)              scaled to size 9.99893pt on input line 4.
LaTeX Font Info:    Font shape `TU/latinmodern-math.otf(3)/m/n' will be
(Font)              scaled to size 6.99925pt on input line 4.
LaTeX Font Info:    Font shape `TU/latinmodern-math.otf(3)/m/n' will be
(Font)              scaled to size 4.99947pt on input line 4.
[3] [4])
\tf@toc=\write5
\openout5 = `inno101.toc'.

[5] [6

]
Underfull \hbox (badness 10000) in paragraph at lines 196--198

 []


Underfull \hbox (badness 10000) in paragraph at lines 198--200

 []

[7]
Underfull \hbox (badness 10000) in paragraph at lines 200--202

 []


Underfull \hbox (badness 10000) in paragraph at lines 202--204

 []


Underfull \hbox (badness 10000) in paragraph at lines 204--206

 []


Underfull \hbox (badness 10000) in paragraph at lines 206--208

 []

File: assets/course-intro/menu.png Graphic file (type bmp)
<assets/course-intro/menu.png>
File: assets/course-intro/left_arrow.png Graphic file (type bmp)
<assets/course-intro/left_arrow.png>
File: assets/course-intro/right_arrow.png Graphic file (type bmp)
<assets/course-intro/right_arrow.png>
[8] [9]
Overfull \hbox (40.63835pt too wide) in paragraph at lines 311--312
[]\TU/lmr/bx/n/10 Technology  
 []


Overfull \hbox (16.75835pt too wide) in paragraph at lines 319--319
[]|\TU/lmr/m/n/10 Moodle|  
 []


Overfull \hbox (14.32835pt too wide) in paragraph at lines 320--320
[]|\TU/lmr/m/n/10 Course 
 []


Overfull \hbox (6.88835pt too wide) in paragraph at lines 320--320
\TU/lmr/m/n/10 Book|  
 []


Overfull \hbox (25.90836pt too wide) in paragraph at lines 321--321
[]|\TU/lmr/m/n/10 Discourse|  
 []


Overfull \hbox (23.20836pt too wide) in paragraph at lines 322--322
[]|\TU/lmr/m/n/10 Obsidian|  
 []

[10] [11] [12

]
Chapter 1.
[13]
Underfull \hbox (badness 10000) in paragraph at lines 364--366

 []


Underfull \hbox (badness 10000) in paragraph at lines 368--370

 []


Underfull \hbox (badness 10000) in paragraph at lines 370--372

 []


Underfull \hbox (badness 10000) in paragraph at lines 372--374

 []


Underfull \hbox (badness 10000) in paragraph at lines 388--390

 []


Underfull \hbox (badness 10000) in paragraph at lines 390--392

 []


Underfull \hbox (badness 10000) in paragraph at lines 392--394

 []


Underfull \hbox (badness 10000) in paragraph at lines 394--396

 []


Underfull \hbox (badness 10000) in paragraph at lines 396--398

 []


Underfull \hbox (badness 10000) in paragraph at lines 415--417

 []


Underfull \hbox (badness 10000) in paragraph at lines 419--421

 []


Underfull \hbox (badness 10000) in paragraph at lines 421--423

 []


Underfull \hbox (badness 10000) in paragraph at lines 425--427

 []


Underfull \hbox (badness 10000) in paragraph at lines 427--429

 []


Overfull \hbox (61.42343pt too wide) has occurred while \output is active
\TU/lmr/m/n/10 14 \TU/lmr/m/sl/10 CHAPTER 1.  INTRODUCTION TO DIGITAL LITERACIES FOR ONLINE LEARNING
 []

[14]
Underfull \vbox (badness 10000) has occurred while \output is active []

[15]
Overfull \hbox (61.42343pt too wide) has occurred while \output is active
\TU/lmr/m/n/10 16 \TU/lmr/m/sl/10 CHAPTER 1.  INTRODUCTION TO DIGITAL LITERACIES FOR ONLINE LEARNING
 []

[16]
Underfull \hbox (badness 10000) in paragraph at lines 521--523

 []


Underfull \hbox (badness 10000) in paragraph at lines 565--567

 []


Underfull \hbox (badness 10000) in paragraph at lines 567--569

 []


Underfull \hbox (badness 10000) in paragraph at lines 579--581

 []


Underfull \hbox (badness 10000) in paragraph at lines 581--583

 []

[17]
Underfull \hbox (badness 10000) in paragraph at lines 591--593

 []


Underfull \hbox (badness 10000) in paragraph at lines 593--595

 []


Overfull \hbox (61.42343pt too wide) has occurred while \output is active
\TU/lmr/m/n/10 18 \TU/lmr/m/sl/10 CHAPTER 1.  INTRODUCTION TO DIGITAL LITERACIES FOR ONLINE LEARNING
 []

[18] [19]
Underfull \hbox (badness 10000) in paragraph at lines 675--677

 []


Underfull \hbox (badness 10000) in paragraph at lines 677--679

 []


Underfull \hbox (badness 10000) in paragraph at lines 679--681

 []


Underfull \hbox (badness 10000) in paragraph at lines 681--683

 []


Underfull \hbox (badness 10000) in paragraph at lines 697--699

 []


Underfull \hbox (badness 10000) in paragraph at lines 699--701

 []


Overfull \hbox (61.42343pt too wide) has occurred while \output is active
\TU/lmr/m/n/10 20 \TU/lmr/m/sl/10 CHAPTER 1.  INTRODUCTION TO DIGITAL LITERACIES FOR ONLINE LEARNING
 []

[20]
Underfull \hbox (badness 10000) in paragraph at lines 701--703

 []


Underfull \hbox (badness 1320) in paragraph at lines 703--705
[]\TU/lmr/m/n/10 Self-regulation (i.e. strategies can include breaks, physical activity,
 []


Underfull \hbox (badness 10000) in paragraph at lines 703--705

 []

[21]
Overfull \hbox (61.42343pt too wide) has occurred while \output is active
\TU/lmr/m/n/10 22 \TU/lmr/m/sl/10 CHAPTER 1.  INTRODUCTION TO DIGITAL LITERACIES FOR ONLINE LEARNING
 []

[22]
Underfull \vbox (badness 6445) has occurred while \output is active []

[23]
File: assets/digital-literacy/obsidian2.png Graphic file (type bmp)
<assets/digital-literacy/obsidian2.png>

Underfull \vbox (badness 10000) has occurred while \output is active []


Overfull \hbox (61.42343pt too wide) has occurred while \output is active
\TU/lmr/m/n/10 24 \TU/lmr/m/sl/10 CHAPTER 1.  INTRODUCTION TO DIGITAL LITERACIES FOR ONLINE LEARNING
 []

[24]
Underfull \hbox (badness 10000) in paragraph at lines 862--864

 []


Underfull \hbox (badness 10000) in paragraph at lines 872--874

 []


Underfull \hbox (badness 10000) in paragraph at lines 874--876

 []


Underfull \hbox (badness 10000) in paragraph at lines 876--878

 []


Underfull \vbox (badness 10000) has occurred while \output is active []

[25]
Underfull \vbox (badness 10000) has occurred while \output is active []


Overfull \hbox (61.42343pt too wide) has occurred while \output is active
\TU/lmr/m/n/10 26 \TU/lmr/m/sl/10 CHAPTER 1.  INTRODUCTION TO DIGITAL LITERACIES FOR ONLINE LEARNING
 []

[26]

Package natbib Warning: Citation `username' on page 27 undefined on input line 945.


Underfull \vbox (badness 10000) has occurred while \output is active []

[27]
Underfull \vbox (badness 10000) has occurred while \output is active []


Overfull \hbox (61.42343pt too wide) has occurred while \output is active
\TU/lmr/m/n/10 28 \TU/lmr/m/sl/10 CHAPTER 1.  INTRODUCTION TO DIGITAL LITERACIES FOR ONLINE LEARNING
 []

[28]
Underfull \hbox (badness 10000) in paragraph at lines 980--982

 []


Underfull \hbox (badness 10000) in paragraph at lines 982--984

 []


Underfull \hbox (badness 1158) in paragraph at lines 989--991
[]\TU/lmr/m/n/10 Conduct a Google search using: digital literacy self-
 []


Underfull \hbox (badness 10000) in paragraph at lines 989--991

 []


Underfull \hbox (badness 10000) in paragraph at lines 991--993

 []


Underfull \hbox (badness 10000) in paragraph at lines 993--995

 []


Underfull \hbox (badness 10000) in paragraph at lines 995--997

 []


Underfull \vbox (badness 10000) has occurred while \output is active []

[29]
Overfull \hbox (61.42343pt too wide) has occurred while \output is active
\TU/lmr/m/n/10 30 \TU/lmr/m/sl/10 CHAPTER 1.  INTRODUCTION TO DIGITAL LITERACIES FOR ONLINE LEARNING
 []

[30] [31]
File: assets/u1/vr-diagram-2.png Graphic file (type bmp)
<assets/u1/vr-diagram-2.png>

Underfull \vbox (badness 10000) has occurred while \output is active []


Overfull \hbox (61.42343pt too wide) has occurred while \output is active
\TU/lmr/m/n/10 32 \TU/lmr/m/sl/10 CHAPTER 1.  INTRODUCTION TO DIGITAL LITERACIES FOR ONLINE LEARNING
 []

[32]
Underfull \hbox (badness 10000) in paragraph at lines 1081--1083

 []


Underfull \vbox (badness 10000) has occurred while \output is active []

[33]
Underfull \hbox (badness 2142) in paragraph at lines 1113--1115
[]\TU/lmr/m/n/10 Never put your social security number, your birthday, your
 []


Underfull \hbox (badness 10000) in paragraph at lines 1113--1115

 []


Underfull \hbox (badness 10000) in paragraph at lines 1115--1116

 []


Overfull \hbox (61.42343pt too wide) has occurred while \output is active
\TU/lmr/m/n/10 34 \TU/lmr/m/sl/10 CHAPTER 1.  INTRODUCTION TO DIGITAL LITERACIES FOR ONLINE LEARNING
 []

[34]
Underfull \hbox (badness 10000) in paragraph at lines 1125--1127

 []


Underfull \hbox (badness 10000) in paragraph at lines 1144--1146

 []


Underfull \hbox (badness 10000) in paragraph at lines 1146--1148

 []


Underfull \hbox (badness 10000) in paragraph at lines 1148--1150

 []

[35]
Underfull \hbox (badness 10000) in paragraph at lines 1150--1152

 []


Underfull \hbox (badness 10000) in paragraph at lines 1152--1154

 []


Underfull \hbox (badness 10000) in paragraph at lines 1154--1156

 []

File: assets/u1/brute.jpg Graphic file (type bmp)
<assets/u1/brute.jpg>

Underfull \hbox (badness 10000) in paragraph at lines 1172--1174

 []


Overfull \hbox (61.42343pt too wide) has occurred while \output is active
\TU/lmr/m/n/10 36 \TU/lmr/m/sl/10 CHAPTER 1.  INTRODUCTION TO DIGITAL LITERACIES FOR ONLINE LEARNING
 []

[36]
Underfull \hbox (badness 10000) in paragraph at lines 1174--1176

 []


Underfull \hbox (badness 10000) in paragraph at lines 1190--1192

 []


Underfull \hbox (badness 10000) in paragraph at lines 1192--1194

 []


Underfull \hbox (badness 10000) in paragraph at lines 1194--1196

 []


Underfull \hbox (badness 10000) in paragraph at lines 1196--1198

 []


Underfull \hbox (badness 10000) in paragraph at lines 1198--1200

 []


Underfull \hbox (badness 10000) in paragraph at lines 1200--1202

 []


Underfull \vbox (badness 10000) has occurred while \output is active []

[37]
Overfull \hbox (61.42343pt too wide) has occurred while \output is active
\TU/lmr/m/n/10 38 \TU/lmr/m/sl/10 CHAPTER 1.  INTRODUCTION TO DIGITAL LITERACIES FOR ONLINE LEARNING
 []

[38]
Underfull \hbox (badness 10000) in paragraph at lines 1237--1239

 []


Underfull \hbox (badness 10000) in paragraph at lines 1239--1241

 []


Underfull \hbox (badness 10000) in paragraph at lines 1241--1243

 []


Underfull \hbox (badness 10000) in paragraph at lines 1243--1245

 []


Underfull \hbox (badness 10000) in paragraph at lines 1245--1247

 []

[39]
Underfull \hbox (badness 10000) in paragraph at lines 1278--1280

 []


Underfull \hbox (badness 10000) in paragraph at lines 1282--1284

 []


Underfull \hbox (badness 10000) in paragraph at lines 1284--1286

 []


Underfull \hbox (badness 10000) in paragraph at lines 1286--1288

 []


Underfull \hbox (badness 10000) in paragraph at lines 1288--1290

 []


Underfull \hbox (badness 10000) in paragraph at lines 1290--1292

 []


Underfull \hbox (badness 10000) in paragraph at lines 1292--1294

 []


Underfull \hbox (badness 10000) in paragraph at lines 1294--1296

 []


Underfull \hbox (badness 10000) in paragraph at lines 1296--1298

 []


Underfull \hbox (badness 10000) in paragraph at lines 1298--1300

 []


Underfull \vbox (badness 10000) has occurred while \output is active []


Overfull \hbox (61.42343pt too wide) has occurred while \output is active
\TU/lmr/m/n/10 40 \TU/lmr/m/sl/10 CHAPTER 1.  INTRODUCTION TO DIGITAL LITERACIES FOR ONLINE LEARNING
 []

[40]
Overfull \vbox (200.26329pt too high) has occurred while \output is active []

[41]
File: assets/u1/obsidian1.png Graphic file (type bmp)
<assets/u1/obsidian1.png>

Underfull \vbox (badness 10000) has occurred while \output is active []


Overfull \hbox (61.42343pt too wide) has occurred while \output is active
\TU/lmr/m/n/10 42 \TU/lmr/m/sl/10 CHAPTER 1.  INTRODUCTION TO DIGITAL LITERACIES FOR ONLINE LEARNING
 []

[42]
Overfull \vbox (142.26294pt too high) has occurred while \output is active []

[43]
Underfull \hbox (badness 10000) in paragraph at lines 1357--1359

 []


Underfull \hbox (badness 10000) in paragraph at lines 1359--1361

 []


Underfull \hbox (badness 10000) in paragraph at lines 1361--1363

 []


Underfull \hbox (badness 10000) in paragraph at lines 1363--1365

 []


Underfull \hbox (badness 1052) in paragraph at lines 1365--1367
[]\TU/lmr/m/n/10 Describe how to protect yourself and others in the digital
 []


Underfull \hbox (badness 10000) in paragraph at lines 1365--1367

 []


Overfull \hbox (61.42343pt too wide) has occurred while \output is active
\TU/lmr/m/n/10 44 \TU/lmr/m/sl/10 CHAPTER 1.  INTRODUCTION TO DIGITAL LITERACIES FOR ONLINE LEARNING
 []

[44]
Chapter 2.

Underfull \hbox (badness 10000) in paragraph at lines 1394--1396

 []

[45

]
Underfull \hbox (badness 10000) in paragraph at lines 1396--1398

 []

[46] [47]
File: assets/u2/google-search1.png Graphic file (type bmp)
<assets/u2/google-search1.png>
File: assets/u2/google-search2.png Graphic file (type bmp)
<assets/u2/google-search2.png>
[48]
File: assets/u2/google-search3.png Graphic file (type bmp)
<assets/u2/google-search3.png>

Underfull \vbox (badness 10000) has occurred while \output is active []

[49] [50]
File: assets/u2/litmaps1.png Graphic file (type bmp)
<assets/u2/litmaps1.png>
File: assets/u2/litmaps2.png Graphic file (type bmp)
<assets/u2/litmaps2.png>

Underfull \vbox (badness 10000) has occurred while \output is active []

[51]
File: assets/u2/litmaps3.png Graphic file (type bmp)
<assets/u2/litmaps3.png>

Underfull \vbox (badness 10000) has occurred while \output is active []

[52]
File: assets/u2/litmaps4.png Graphic file (type bmp)
<assets/u2/litmaps4.png>

Underfull \vbox (badness 10000) has occurred while \output is active []

[53]
File: assets/u2/litmaps5.png Graphic file (type bmp)
<assets/u2/litmaps5.png>
File: assets/u2/litmaps6.png Graphic file (type bmp)
<assets/u2/litmaps6.png>

Underfull \vbox (badness 10000) has occurred while \output is active []

[54]
File: assets/u2/litmaps7.png Graphic file (type bmp)
<assets/u2/litmaps7.png>
File: assets/u2/litmaps8.png Graphic file (type bmp)
<assets/u2/litmaps8.png>

Underfull \vbox (badness 10000) has occurred while \output is active []

[55]
File: assets/u2/litmaps9.png Graphic file (type bmp)
<assets/u2/litmaps9.png>

Underfull \vbox (badness 10000) has occurred while \output is active []

[56]
File: assets/u2/litmaps10.png Graphic file (type bmp)
<assets/u2/litmaps10.png>
File: assets/u2/litmaps11.png Graphic file (type bmp)
<assets/u2/litmaps11.png>

Underfull \vbox (badness 10000) has occurred while \output is active []

[57]
File: assets/u2/litmaps12.png Graphic file (type bmp)
<assets/u2/litmaps12.png>
[58]
File: assets/u2/litmaps13.png Graphic file (type bmp)
<assets/u2/litmaps13.png>
File: assets/u2/litmaps14.png Graphic file (type bmp)
<assets/u2/litmaps14.png>

Underfull \hbox (badness 10000) in paragraph at lines 1617--1618

 []


Underfull \hbox (badness 10000) in paragraph at lines 1623--1625

 []


Underfull \hbox (badness 10000) in paragraph at lines 1625--1627

 []


Underfull \hbox (badness 10000) in paragraph at lines 1627--1629

 []


Underfull \hbox (badness 10000) in paragraph at lines 1637--1638

 []


Underfull \hbox (badness 10000) in paragraph at lines 1643--1645

 []


Underfull \hbox (badness 10000) in paragraph at lines 1645--1647

 []

[59]
Overfull \vbox (90.26329pt too high) has occurred while \output is active []

[60]
Underfull \hbox (badness 10000) in paragraph at lines 1691--1693

 []


Underfull \hbox (badness 10000) in paragraph at lines 1693--1694

 []


Underfull \hbox (badness 10000) in paragraph at lines 1699--1701

 []


Underfull \hbox (badness 10000) in paragraph at lines 1701--1703

 []


Underfull \hbox (badness 10000) in paragraph at lines 1703--1704

 []


Underfull \hbox (badness 10000) in paragraph at lines 1710--1711

 []


Underfull \vbox (badness 10000) has occurred while \output is active []

[61]
Overfull \vbox (74.08128pt too high) has occurred while \output is active []

[62]
Underfull \hbox (badness 10000) in paragraph at lines 1747--1749

 []


Underfull \hbox (badness 10000) in paragraph at lines 1749--1751

 []


Underfull \hbox (badness 10000) in paragraph at lines 1751--1753

 []


Underfull \hbox (badness 10000) in paragraph at lines 1775--1777

 []


Underfull \hbox (badness 10000) in paragraph at lines 1777--1778

 []


Underfull \hbox (badness 10000) in paragraph at lines 1793--1796

 []


Underfull \vbox (badness 10000) has occurred while \output is active []

[63]
File: assets/u2/library1.png Graphic file (type bmp)
<assets/u2/library1.png>
[64]
File: assets/u2/library2.png Graphic file (type bmp)
<assets/u2/library2.png>
File: assets/u2/library3.png Graphic file (type bmp)
<assets/u2/library3.png>

Underfull \vbox (badness 10000) has occurred while \output is active []

[65]
Underfull \vbox (badness 10000) has occurred while \output is active []

[66] [67]
Underfull \hbox (badness 10000) in paragraph at lines 1921--1923

 []


Underfull \hbox (badness 10000) in paragraph at lines 1923--1925

 []


Underfull \hbox (badness 10000) in paragraph at lines 1925--1927

 []


Underfull \hbox (badness 10000) in paragraph at lines 1927--1929

 []


Underfull \hbox (badness 10000) in paragraph at lines 1929--1931

 []


Underfull \hbox (badness 10000) in paragraph at lines 1931--1933

 []

[68]
Chapter 3.

Underfull \hbox (badness 10000) in paragraph at lines 1974--1976

 []


Underfull \hbox (badness 10000) in paragraph at lines 1976--1978

 []

[69

] [70]
File: assets/u3/wikilink.png Graphic file (type bmp)
<assets/u3/wikilink.png>

Underfull \vbox (badness 10000) has occurred while \output is active []

[71]
File: assets/u3/wikilink2.png Graphic file (type bmp)
<assets/u3/wikilink2.png>

Underfull \vbox (badness 10000) has occurred while \output is active []

[72] [73]
File: assets/u3/graph2.png Graphic file (type bmp)
<assets/u3/graph2.png>
[74]
File: assets/u3/graph1.png Graphic file (type bmp)
<assets/u3/graph1.png>
File: assets/u3/graph3.png Graphic file (type bmp)
<assets/u3/graph3.png>
[75]
Underfull \vbox (badness 1533) has occurred while \output is active []

[76]
Underfull \vbox (badness 4913) has occurred while \output is active []

[77]
Underfull \vbox (badness 10000) has occurred while \output is active []

[78]
Underfull \vbox (badness 10000) has occurred while \output is active []

[79] [80]
Chapter 4.

Underfull \hbox (badness 10000) in paragraph at lines 2348--2350

 []


Underfull \hbox (badness 10000) in paragraph at lines 2350--2352

 []

[81

]
Underfull \hbox (badness 10000) in paragraph at lines 2352--2354

 []


Underfull \hbox (badness 10000) in paragraph at lines 2366--2368

 []


Underfull \hbox (badness 10000) in paragraph at lines 2368--2370

 []


Underfull \hbox (badness 10000) in paragraph at lines 2370--2372

 []


Underfull \hbox (badness 10000) in paragraph at lines 2372--2374

 []


Underfull \hbox (badness 10000) in paragraph at lines 2374--2376

 []


Underfull \hbox (badness 10000) in paragraph at lines 2376--2378

 []


Underfull \hbox (badness 10000) in paragraph at lines 2393--2395

 []


Underfull \hbox (badness 10000) in paragraph at lines 2395--2397

 []


Underfull \hbox (badness 10000) in paragraph at lines 2397--2399

 []


Underfull \hbox (badness 10000) in paragraph at lines 2399--2401

 []


Underfull \hbox (badness 10000) in paragraph at lines 2401--2403

 []


Underfull \vbox (badness 10000) has occurred while \output is active []

[82]
Underfull \hbox (badness 10000) in paragraph at lines 2436--2439

 []

[83]
Underfull \hbox (badness 10000) in paragraph at lines 2482--2484

 []


Underfull \hbox (badness 10000) in paragraph at lines 2484--2486

 []


Underfull \vbox (badness 10000) has occurred while \output is active []

[84]
Underfull \hbox (badness 10000) in paragraph at lines 2505--2507

 []


Underfull \hbox (badness 10000) in paragraph at lines 2507--2509

 []

[85]
Underfull \vbox (badness 10000) has occurred while \output is active []

[86]
Overfull \vbox (1760.3233pt too high) has occurred while \output is active []

[87]
Underfull \hbox (badness 10000) in paragraph at lines 2710--2712

 []


Underfull \hbox (badness 10000) in paragraph at lines 2712--2714

 []

[88]
Underfull \hbox (badness 10000) in paragraph at lines 2755--2757

 []


Underfull \hbox (badness 10000) in paragraph at lines 2757--2759

 []


Underfull \hbox (badness 10000) in paragraph at lines 2759--2761

 []


Underfull \hbox (badness 10000) in paragraph at lines 2761--2763

 []


Underfull \vbox (badness 10000) has occurred while \output is active []

[89]
Underfull \hbox (badness 10000) in paragraph at lines 2778--2780

 []


Underfull \hbox (badness 10000) in paragraph at lines 2780--2782

 []


Underfull \hbox (badness 10000) in paragraph at lines 2782--2784

 []


Underfull \vbox (badness 10000) has occurred while \output is active []

[90]
Underfull \vbox (badness 10000) has occurred while \output is active []

[91]
Underfull \hbox (badness 10000) in paragraph at lines 2805--2807

 []


Underfull \hbox (badness 10000) in paragraph at lines 2807--2809

 []


Underfull \hbox (badness 10000) in paragraph at lines 2809--2811

 []


Underfull \hbox (badness 10000) in paragraph at lines 2811--2813

 []


Underfull \hbox (badness 10000) in paragraph at lines 2813--2815

 []


Underfull \hbox (badness 10000) in paragraph at lines 2815--2817

 []


Underfull \hbox (badness 10000) in paragraph at lines 2835--2837

 []


Underfull \hbox (badness 10000) in paragraph at lines 2855--2857

 []


Underfull \hbox (badness 10000) in paragraph at lines 2857--2859

 []


Underfull \hbox (badness 10000) in paragraph at lines 2859--2861

 []


Underfull \hbox (badness 10000) in paragraph at lines 2861--2863

 []


Underfull \hbox (badness 10000) in paragraph at lines 2863--2865

 []


Underfull \hbox (badness 10000) in paragraph at lines 2865--2867

 []


Underfull \hbox (badness 10000) in paragraph at lines 2867--2869

 []


Underfull \hbox (badness 10000) in paragraph at lines 2869--2871

 []


Underfull \hbox (badness 10000) in paragraph at lines 2879--2881

 []


Underfull \hbox (badness 10000) in paragraph at lines 2881--2883

 []


Underfull \hbox (badness 10000) in paragraph at lines 2883--2885

 []


Underfull \hbox (badness 10000) in paragraph at lines 2885--2887

 []


Underfull \hbox (badness 10000) in paragraph at lines 2887--2889

 []


Underfull \hbox (badness 10000) in paragraph at lines 2889--2891

 []


Underfull \hbox (badness 10000) in paragraph at lines 2891--2893

 []


Underfull \hbox (badness 10000) in paragraph at lines 2893--2895

 []


Underfull \hbox (badness 10000) in paragraph at lines 2895--2897

 []


Underfull \hbox (badness 10000) in paragraph at lines 2897--2899

 []


Underfull \hbox (badness 10000) in paragraph at lines 2899--2901

 []


Underfull \hbox (badness 10000) in paragraph at lines 2901--2903

 []


Underfull \hbox (badness 10000) in paragraph at lines 2903--2905

 []


Underfull \hbox (badness 10000) in paragraph at lines 2905--2907

 []


Underfull \hbox (badness 10000) in paragraph at lines 2915--2917

 []


Underfull \hbox (badness 10000) in paragraph at lines 2917--2919

 []


Underfull \hbox (badness 10000) in paragraph at lines 2919--2921

 []


Underfull \hbox (badness 10000) in paragraph at lines 2921--2923

 []


Underfull \vbox (badness 6078) has occurred while \output is active []

[92]
Overfull \vbox (558.20128pt too high) has occurred while \output is active []

[93]
Underfull \hbox (badness 10000) in paragraph at lines 2941--2943

 []


Underfull \hbox (badness 10000) in paragraph at lines 2943--2945

 []


Underfull \hbox (badness 10000) in paragraph at lines 2957--2959

 []


Underfull \hbox (badness 10000) in paragraph at lines 2959--2961

 []


Underfull \hbox (badness 10000) in paragraph at lines 2961--2963

 []


Underfull \hbox (badness 10000) in paragraph at lines 2963--2965

 []


Underfull \hbox (badness 10000) in paragraph at lines 2965--2967

 []


Underfull \hbox (badness 10000) in paragraph at lines 2967--2969

 []


Underfull \hbox (badness 10000) in paragraph at lines 2985--2987

 []


Underfull \hbox (badness 10000) in paragraph at lines 2987--2989

 []


Underfull \hbox (badness 10000) in paragraph at lines 2989--2991

 []


Underfull \hbox (badness 10000) in paragraph at lines 2991--2993

 []


Underfull \hbox (badness 10000) in paragraph at lines 2993--2995

 []


Underfull \hbox (badness 10000) in paragraph at lines 2995--2997

 []


Underfull \hbox (badness 10000) in paragraph at lines 2997--2999

 []


Underfull \hbox (badness 10000) in paragraph at lines 2999--3001

 []


Underfull \vbox (badness 10000) has occurred while \output is active []

[94]
Overfull \vbox (276.10329pt too high) has occurred while \output is active []

[95]
Underfull \hbox (badness 10000) in paragraph at lines 3035--3037

 []


Underfull \hbox (badness 10000) in paragraph at lines 3037--3039

 []


Underfull \hbox (badness 10000) in paragraph at lines 3039--3041

 []


Underfull \hbox (badness 10000) in paragraph at lines 3041--3043

 []


Underfull \hbox (badness 10000) in paragraph at lines 3043--3045

 []


Underfull \hbox (badness 10000) in paragraph at lines 3045--3047

 []


Underfull \vbox (badness 10000) has occurred while \output is active []

[96] [97] [98

]
Chapter 5.

Underfull \hbox (badness 10000) in paragraph at lines 3089--3091

 []

[99]
Underfull \hbox (badness 10000) in paragraph at lines 3091--3093

 []


Underfull \hbox (badness 10000) in paragraph at lines 3097--3099

 []


Underfull \hbox (badness 10000) in paragraph at lines 3099--3101

 []


Underfull \vbox (badness 7238) has occurred while \output is active []

[100]
Underfull \hbox (badness 10000) in paragraph at lines 3185--3187

 []


Underfull \hbox (badness 10000) in paragraph at lines 3187--3189

 []


Underfull \hbox (badness 10000) in paragraph at lines 3189--3191

 []


Underfull \hbox (badness 10000) in paragraph at lines 3191--3193

 []


Underfull \hbox (badness 10000) in paragraph at lines 3193--3195

 []


Underfull \vbox (badness 10000) has occurred while \output is active []

[101] [102]
Underfull \hbox (badness 10000) in paragraph at lines 3235--3237

 []


Underfull \hbox (badness 10000) in paragraph at lines 3237--3239

 []

File: assets/u5/Digital_citizenship_Venn.png Graphic file (type bmp)
<assets/u5/Digital_citizenship_Venn.png>

Underfull \vbox (badness 10000) has occurred while \output is active []

[103]
Underfull \hbox (badness 10000) in paragraph at lines 3258--3260

 []


Underfull \hbox (badness 10000) in paragraph at lines 3260--3262

 []


Underfull \hbox (badness 10000) in paragraph at lines 3316--3318

 []


Underfull \hbox (badness 10000) in paragraph at lines 3318--3320

 []


Underfull \vbox (badness 10000) has occurred while \output is active []

[104]
Overfull \vbox (240.88023pt too high) has occurred while \output is active []

[105]
Underfull \hbox (badness 10000) in paragraph at lines 3348--3350

 []


Underfull \hbox (badness 10000) in paragraph at lines 3371--3373

 []


Underfull \hbox (badness 10000) in paragraph at lines 3373--3375

 []


Underfull \hbox (badness 10000) in paragraph at lines 3375--3377

 []


Underfull \hbox (badness 10000) in paragraph at lines 3377--3379

 []


Underfull \hbox (badness 10000) in paragraph at lines 3379--3381

 []


Underfull \vbox (badness 10000) has occurred while \output is active []

[106]
Overfull \vbox (116.65329pt too high) has occurred while \output is active []

[107]
Underfull \hbox (badness 10000) in paragraph at lines 3415--3417

 []


Underfull \hbox (badness 10000) in paragraph at lines 3417--3419

 []


Underfull \vbox (badness 10000) has occurred while \output is active []

[108]
Underfull \hbox (badness 10000) in paragraph at lines 3457--3459

 []


Underfull \vbox (badness 10000) has occurred while \output is active []

[109]
Underfull \hbox (badness 10000) in paragraph at lines 3522--3523

 []


Underfull \hbox (badness 10000) in paragraph at lines 3528--3530

 []


Underfull \hbox (badness 10000) in paragraph at lines 3530--3532

 []


Underfull \hbox (badness 10000) in paragraph at lines 3532--3534

 []


Underfull \hbox (badness 10000) in paragraph at lines 3534--3536

 []


Underfull \vbox (badness 10000) has occurred while \output is active []

[110]
Overfull \vbox (261.95717pt too high) has occurred while \output is active []

[111]
Underfull \hbox (badness 10000) in paragraph at lines 3588--3590

 []


Underfull \hbox (badness 10000) in paragraph at lines 3590--3592

 []

[112]
Underfull \hbox (badness 10000) in paragraph at lines 3620--3622

 []


Underfull \hbox (badness 10000) in paragraph at lines 3622--3624

 []

[113]
Underfull \hbox (badness 10000) in paragraph at lines 3661--3663

 []

[114]
Underfull \hbox (badness 10000) in paragraph at lines 3663--3665

 []


Underfull \hbox (badness 10000) in paragraph at lines 3682--3684

 []


Underfull \hbox (badness 10000) in paragraph at lines 3684--3686

 []


Underfull \hbox (badness 10000) in paragraph at lines 3686--3688

 []


Underfull \vbox (badness 1057) has occurred while \output is active []

[115]
Underfull \hbox (badness 10000) in paragraph at lines 3725--3727

 []


Underfull \hbox (badness 10000) in paragraph at lines 3727--3729

 []


Underfull \vbox (badness 10000) has occurred while \output is active []

[116]
Underfull \hbox (badness 10000) in paragraph at lines 3772--3774

 []


Underfull \vbox (badness 10000) has occurred while \output is active []

[117]
Underfull \hbox (badness 10000) in paragraph at lines 3812--3814

 []


Underfull \hbox (badness 10000) in paragraph at lines 3814--3816

 []


Underfull \hbox (badness 10000) in paragraph at lines 3816--3818

 []


Underfull \hbox (badness 10000) in paragraph at lines 3818--3820

 []


Underfull \vbox (badness 10000) has occurred while \output is active []

[118]
Underfull \hbox (badness 10000) in paragraph at lines 3887--3889

 []


Underfull \hbox (badness 10000) in paragraph at lines 3889--3891

 []


Underfull \vbox (badness 10000) has occurred while \output is active []

[119]
Overfull \vbox (152.21329pt too high) has occurred while \output is active []

[120]
Underfull \vbox (badness 10000) has occurred while \output is active []

[121]
Overfull \vbox (268.52066pt too high) has occurred while \output is active []

[122]
Underfull \hbox (badness 1448) in paragraph at lines 3985--3987
[]\TU/lmr/m/n/10 Discuss the dimensions of digital citizenship for work and
 []


Underfull \hbox (badness 10000) in paragraph at lines 3985--3987

 []


Underfull \hbox (badness 10000) in paragraph at lines 3987--3989

 []


Underfull \hbox (badness 10000) in paragraph at lines 3993--3995

 []


Underfull \hbox (badness 10000) in paragraph at lines 3995--3997

 []

[123] [124

]
Chapter 6.

Underfull \hbox (badness 10000) in paragraph at lines 4026--4028

 []


Underfull \hbox (badness 10000) in paragraph at lines 4028--4030

 []


Underfull \hbox (badness 10000) in paragraph at lines 4030--4032

 []

[125]
Underfull \hbox (badness 10000) in paragraph at lines 4044--4046

 []


Underfull \hbox (badness 10000) in paragraph at lines 4046--4048

 []


Underfull \hbox (badness 10000) in paragraph at lines 4048--4050

 []


Underfull \vbox (badness 10000) has occurred while \output is active []

[126] [127]
Underfull \vbox (badness 10000) has occurred while \output is active []

[128]
File: assets/u6/Top Employee Skills 2025.png Graphic file (type bmp)
<assets/u6/Top Employee Skills 2025.png>
File: assets/u6/Competency Framework.png Graphic file (type bmp)
<assets/u6/Competency Framework.png>

Underfull \vbox (badness 10000) has occurred while \output is active []

[129]
Overfull \vbox (328.29973pt too high) has occurred while \output is active []

[130]
Underfull \hbox (badness 10000) in paragraph at lines 4193--4195

 []


Underfull \hbox (badness 10000) in paragraph at lines 4195--4197

 []

[131]
Underfull \hbox (badness 10000) in paragraph at lines 4253--4255

 []


Underfull \hbox (badness 10000) in paragraph at lines 4255--4257

 []


Underfull \hbox (badness 10000) in paragraph at lines 4262--4264

 []

[132]
Underfull \vbox (badness 10000) has occurred while \output is active []

[133]
Underfull \vbox (badness 5203) has occurred while \output is active []

[134]
Underfull \hbox (badness 10000) in paragraph at lines 4356--4358

 []


Underfull \hbox (badness 10000) in paragraph at lines 4358--4360

 []


Underfull \hbox (badness 10000) in paragraph at lines 4413--4415

 []


Underfull \hbox (badness 10000) in paragraph at lines 4415--4417

 []


Underfull \vbox (badness 10000) has occurred while \output is active []

[135]
Underfull \vbox (badness 10000) has occurred while \output is active []

[136] [137] [138] [139]
Underfull \vbox (badness 2698) has occurred while \output is active []

[140]
Underfull \hbox (badness 10000) in paragraph at lines 4583--4585

 []


Underfull \hbox (badness 10000) in paragraph at lines 4585--4587

 []


Underfull \hbox (badness 10000) in paragraph at lines 4587--4589

 []


Underfull \hbox (badness 10000) in paragraph at lines 4589--4591

 []


Underfull \vbox (badness 10000) has occurred while \output is active []

[141]
Overfull \vbox (32.21329pt too high) has occurred while \output is active []

[142]
Underfull \hbox (badness 10000) in paragraph at lines 4612--4614

 []

[143]
Underfull \hbox (badness 10000) in paragraph at lines 4676--4678

 []


Underfull \hbox (badness 10000) in paragraph at lines 4678--4680

 []


Underfull \hbox (badness 10000) in paragraph at lines 4680--4682

 []


Underfull \hbox (badness 10000) in paragraph at lines 4682--4684

 []

[144]
Underfull \hbox (badness 10000) in paragraph at lines 4738--4740

 []


Underfull \hbox (badness 10000) in paragraph at lines 4740--4742

 []


Underfull \vbox (badness 10000) has occurred while \output is active []

[145] [146]
Underfull \hbox (badness 10000) in paragraph at lines 4811--4813

 []


Underfull \hbox (badness 10000) in paragraph at lines 4813--4815

 []


Underfull \vbox (badness 10000) has occurred while \output is active []

[147]
Underfull \hbox (badness 10000) in paragraph at lines 4855--4857

 []


Underfull \hbox (badness 10000) in paragraph at lines 4857--4859

 []


Underfull \hbox (badness 10000) in paragraph at lines 4877--4879

 []


Underfull \hbox (badness 10000) in paragraph at lines 4879--4881

 []


Underfull \vbox (badness 10000) has occurred while \output is active []

[148] [149]
Underfull \hbox (badness 10000) in paragraph at lines 4903--4905

 []


Underfull \hbox (badness 10000) in paragraph at lines 4905--4907

 []


Underfull \hbox (badness 10000) in paragraph at lines 4915--4917

 []


Underfull \hbox (badness 10000) in paragraph at lines 4917--4919

 []

[150] [151]
Underfull \hbox (badness 10000) in paragraph at lines 4973--4975

 []


Underfull \hbox (badness 10000) in paragraph at lines 4975--4977

 []


Underfull \hbox (badness 10000) in paragraph at lines 4977--4979

 []


Underfull \hbox (badness 10000) in paragraph at lines 4979--4981

 []


Underfull \hbox (badness 10000) in paragraph at lines 5007--5009

 []


Underfull \hbox (badness 10000) in paragraph at lines 5009--5011

 []


Underfull \hbox (badness 10000) in paragraph at lines 5011--5013

 []


Underfull \hbox (badness 10000) in paragraph at lines 5013--5015

 []


Underfull \hbox (badness 10000) in paragraph at lines 5023--5025

 []


Underfull \hbox (badness 10000) in paragraph at lines 5025--5027

 []


Underfull \hbox (badness 10000) in paragraph at lines 5027--5029

 []


Underfull \hbox (badness 2080) in paragraph at lines 5029--5031
[]\TU/lmr/m/n/10 Canadian Content designations are incompatible with user
 []


Underfull \hbox (badness 10000) in paragraph at lines 5029--5031

 []


Underfull \hbox (badness 10000) in paragraph at lines 5039--5041

 []


Underfull \hbox (badness 10000) in paragraph at lines 5041--5043

 []


Underfull \hbox (badness 3547) in paragraph at lines 5059--5065
\TU/lmr/m/n/10 - []EUROPEAN REGULATORS JUST STOPPED FACEBOOK,
 []


Underfull \hbox (badness 10000) in paragraph at lines 5071--5073

 []


Underfull \hbox (badness 10000) in paragraph at lines 5073--5075

 []


Underfull \hbox (badness 10000) in paragraph at lines 5075--5077

 []


Underfull \vbox (badness 10000) has occurred while \output is active []

[152]
Overfull \vbox (1494.08128pt too high) has occurred while \output is active []

[153]
Underfull \vbox (badness 3138) has occurred while \output is active []

[154]
Underfull \hbox (badness 1931) in paragraph at lines 5128--5130
\TU/lmr/m/n/10 redlining, and the re-inventions of discriminatory practices
 []


Underfull \hbox (badness 10000) in paragraph at lines 5128--5130

 []


Underfull \hbox (badness 10000) in paragraph at lines 5130--5132

 []


Underfull \hbox (badness 10000) in paragraph at lines 5132--5134

 []


Underfull \vbox (badness 10000) has occurred while \output is active []

[155] [156]
Underfull \hbox (badness 10000) in paragraph at lines 5163--5164
[]\TU/lmr/bx/n/10 Definition 6.3 \TU/lmr/m/n/10 (Inclusion)\TU/lmr/bx/n/10 . []\TU/lmr/m/n/10 the fact of including some-
 []

[157]
Overfull \vbox (34.20128pt too high) has occurred while \output is active []

[158] [159]
Underfull \hbox (badness 10000) in paragraph at lines 5337--5339

 []


Underfull \hbox (badness 10000) in paragraph at lines 5343--5345

 []


Underfull \vbox (badness 10000) has occurred while \output is active []

[160] [161]
Underfull \hbox (badness 10000) in paragraph at lines 5356--5358

 []


Underfull \hbox (badness 10000) in paragraph at lines 5358--5360

 []


Underfull \hbox (badness 10000) in paragraph at lines 5360--5362

 []


Underfull \hbox (badness 10000) in paragraph at lines 5362--5364

 []


Underfull \hbox (badness 10000) in paragraph at lines 5364--5366

 []


Underfull \hbox (badness 1831) in paragraph at lines 5366--5368
[]\TU/lmr/m/n/10 Surveillance capitalism; see for example []The price of connection:
 []


Underfull \hbox (badness 6396) in paragraph at lines 5366--5368
\TU/lmr/m/n/10 surveillance capitalism[] the-price-of-connection-surveillance-capitalism-
 []


Underfull \hbox (badness 10000) in paragraph at lines 5366--5368

 []


Underfull \hbox (badness 10000) in paragraph at lines 5368--5370

 []


Underfull \hbox (badness 10000) in paragraph at lines 5370--5372

 []


Underfull \hbox (badness 10000) in paragraph at lines 5385--5387

 []


Underfull \hbox (badness 10000) in paragraph at lines 5387--5389

 []


Underfull \hbox (badness 10000) in paragraph at lines 5389--5391

 []


Underfull \hbox (badness 10000) in paragraph at lines 5391--5393

 []


Underfull \hbox (badness 10000) in paragraph at lines 5404--5406

 []


Underfull \hbox (badness 10000) in paragraph at lines 5406--5408

 []


Underfull \hbox (badness 10000) in paragraph at lines 5408--5410

 []


Underfull \hbox (badness 10000) in paragraph at lines 5410--5412

 []


Underfull \hbox (badness 10000) in paragraph at lines 5412--5413

 []


Underfull \hbox (badness 10000) in paragraph at lines 5418--5420

 []


Underfull \hbox (badness 10000) in paragraph at lines 5420--5422

 []


Underfull \hbox (badness 10000) in paragraph at lines 5422--5424

 []


Underfull \hbox (badness 10000) in paragraph at lines 5424--5425

 []


Underfull \hbox (badness 10000) in paragraph at lines 5432--5433

 []


Underfull \hbox (badness 10000) in paragraph at lines 5438--5440

 []


Underfull \hbox (badness 10000) in paragraph at lines 5440--5441

 []


Underfull \hbox (badness 10000) in paragraph at lines 5448--5450

 []


Underfull \hbox (badness 10000) in paragraph at lines 5450--5451

 []


Underfull \hbox (badness 10000) in paragraph at lines 5456--5458

 []


Underfull \hbox (badness 10000) in paragraph at lines 5458--5460

 []


Underfull \hbox (badness 10000) in paragraph at lines 5460--5461

 []


Underfull \hbox (badness 10000) in paragraph at lines 5468--5470

 []


Underfull \vbox (badness 10000) has occurred while \output is active []

[162]
Overfull \vbox (400.81128pt too high) has occurred while \output is active []

[163]
Underfull \hbox (badness 10000) in paragraph at lines 5482--5484

 []


Underfull \hbox (badness 10000) in paragraph at lines 5484--5486

 []


Underfull \hbox (badness 10000) in paragraph at lines 5527--5529

 []


Underfull \hbox (badness 10000) in paragraph at lines 5529--5531

 []


Underfull \hbox (badness 10000) in paragraph at lines 5531--5533

 []


Underfull \hbox (badness 10000) in paragraph at lines 5533--5535

 []


Underfull \vbox (badness 10000) has occurred while \output is active []

[164]
Overfull \vbox (18.26329pt too high) has occurred while \output is active []

[165]
Underfull \vbox (badness 1087) has occurred while \output is active []

[166] [167] [168

] (./inno101.bbl [169] [170

]

Package natbib Warning: Empty `thebibliography' environment on input line 3.

)

Package natbib Warning: There were undefined citations.

[171] (./inno101.aux)
 ***********
LaTeX2e <2023-06-01> patch level 1
L3 programming layer <2023-10-10>
 ***********
Package rerunfilecheck Info: File `inno101.out' has not changed.
(rerunfilecheck)             Checksum: 98D3642A3FA03618F25554C748A54D68;8401.
 ) 
Here is how much of TeX's memory you used:
 27079 strings out of 477165
 544028 string characters out of 5809437
 1964674 words of memory out of 5000000
 48252 multiletter control sequences out of 15000+600000
 564560 words of font info for 94 fonts, out of 8000000 for 9000
 14 hyphenation exceptions out of 8191
 90i,9n,120p,1574b,659s stack positions out of 10000i,1000n,20000p,200000b,200000s

Output written on inno101.pdf (171 pages).
